{"/workspaces/santorini/packages/core/concurrency/index.ts": {"path":"/workspaces/santorini/packages/core/concurrency/index.ts","statementMap":{"0":{"start":{"line":5,"column":0},"end":{"line":5,"column":28}}},"fnMap":{},"branchMap":{},"s":{"0":1},"f":{},"b":{}}
,"/workspaces/santorini/packages/core/concurrency/primitives.ts": {"path":"/workspaces/santorini/packages/core/concurrency/primitives.ts","statementMap":{"0":{"start":{"line":15,"column":30},"end":{"line":15,"column":35}},"1":{"start":{"line":16,"column":41},"end":{"line":16,"column":43}},"2":{"start":{"line":24,"column":8},"end":{"line":27,"column":null}},"3":{"start":{"line":25,"column":12},"end":{"line":25,"column":null}},"4":{"start":{"line":26,"column":12},"end":{"line":26,"column":null}},"5":{"start":{"line":29,"column":8},"end":{"line":29,"column":null}},"6":{"start":{"line":38,"column":8},"end":{"line":41,"column":null}},"7":{"start":{"line":39,"column":12},"end":{"line":39,"column":null}},"8":{"start":{"line":40,"column":12},"end":{"line":40,"column":null}},"9":{"start":{"line":43,"column":8},"end":{"line":45,"column":null}},"10":{"start":{"line":44,"column":12},"end":{"line":44,"column":null}},"11":{"start":{"line":52,"column":8},"end":{"line":52,"column":null}},"12":{"start":{"line":54,"column":8},"end":{"line":56,"column":null}},"13":{"start":{"line":55,"column":12},"end":{"line":55,"column":null}},"14":{"start":{"line":13,"column":0},"end":{"line":13,"column":13}},"15":{"start":{"line":61,"column":23},"end":{"line":61,"column":38}},"16":{"start":{"line":68,"column":27},"end":{"line":68,"column":38}},"17":{"start":{"line":76,"column":8},"end":{"line":76,"column":null}},"18":{"start":{"line":83,"column":8},"end":{"line":83,"column":null}},"19":{"start":{"line":66,"column":0},"end":{"line":66,"column":13}},"20":{"start":{"line":95,"column":4},"end":{"line":95,"column":null}},"21":{"start":{"line":92,"column":0},"end":{"line":92,"column":16}}},"fnMap":{"0":{"name":"(anonymous_0)","decl":{"start":{"line":23,"column":4},"end":{"line":23,"column":14}},"loc":{"start":{"line":23,"column":14},"end":{"line":30,"column":5}}},"1":{"name":"(anonymous_1)","decl":{"start":{"line":37,"column":4},"end":{"line":37,"column":11}},"loc":{"start":{"line":37,"column":11},"end":{"line":46,"column":5}}},"2":{"name":"(anonymous_2)","decl":{"start":{"line":43,"column":27},"end":{"line":43,"column":34}},"loc":{"start":{"line":43,"column":37},"end":{"line":45,"column":9}}},"3":{"name":"(anonymous_3)","decl":{"start":{"line":51,"column":4},"end":{"line":51,"column":11}},"loc":{"start":{"line":51,"column":11},"end":{"line":57,"column":5}}},"4":{"name":"(anonymous_4)","decl":{"start":{"line":75,"column":4},"end":{"line":75,"column":8}},"loc":{"start":{"line":75,"column":8},"end":{"line":77,"column":5}}},"5":{"name":"(anonymous_5)","decl":{"start":{"line":82,"column":4},"end":{"line":82,"column":9}},"loc":{"start":{"line":82,"column":9},"end":{"line":84,"column":5}}},"6":{"name":"getMonitor","decl":{"start":{"line":92,"column":16},"end":{"line":92,"column":26}},"loc":{"start":{"line":92,"column":35},"end":{"line":96,"column":1}}}},"branchMap":{"0":{"loc":{"start":{"line":24,"column":8},"end":{"line":27,"column":null}},"type":"if","locations":[{"start":{"line":24,"column":8},"end":{"line":27,"column":null}}]},"1":{"loc":{"start":{"line":38,"column":8},"end":{"line":41,"column":null}},"type":"if","locations":[{"start":{"line":38,"column":8},"end":{"line":41,"column":null}}]},"2":{"loc":{"start":{"line":54,"column":8},"end":{"line":56,"column":null}},"type":"if","locations":[{"start":{"line":54,"column":8},"end":{"line":56,"column":null}}]},"3":{"loc":{"start":{"line":95,"column":11},"end":{"line":95,"column":117}},"type":"cond-expr","locations":[{"start":{"line":95,"column":48},"end":{"line":95,"column":83}},{"start":{"line":95,"column":87},"end":{"line":95,"column":117}}]}},"s":{"0":2,"1":2,"2":0,"3":0,"4":0,"5":0,"6":10,"7":1,"8":1,"9":9,"10":9,"11":10,"12":10,"13":9,"14":1,"15":1,"16":2,"17":10,"18":10,"19":1,"20":23,"21":1},"f":{"0":0,"1":10,"2":9,"3":10,"4":10,"5":10,"6":23},"b":{"0":[0],"1":[1],"2":[9],"3":[2,21]}}
,"/workspaces/santorini/packages/core/lifecycle/index.ts": {"path":"/workspaces/santorini/packages/core/lifecycle/index.ts","statementMap":{"0":{"start":{"line":37,"column":4},"end":{"line":37,"column":null}},"1":{"start":{"line":36,"column":0},"end":{"line":36,"column":16}},"2":{"start":{"line":41,"column":36},"end":{"line":41,"column":38}},"3":{"start":{"line":44,"column":17},"end":{"line":47,"column":1}},"4":{"start":{"line":46,"column":4},"end":{"line":46,"column":null}},"5":{"start":{"line":46,"column":25},"end":{"line":46,"column":28}},"6":{"start":{"line":50,"column":0},"end":{"line":50,"column":null}},"7":{"start":{"line":53,"column":0},"end":{"line":53,"column":null}}},"fnMap":{"0":{"name":"registerShutdown","decl":{"start":{"line":36,"column":16},"end":{"line":36,"column":32}},"loc":{"start":{"line":36,"column":51},"end":{"line":38,"column":1}}},"1":{"name":"(anonymous_1)","decl":{"start":{"line":44,"column":17},"end":{"line":44,"column":19}},"loc":{"start":{"line":44,"column":21},"end":{"line":47,"column":1}}},"2":{"name":"(anonymous_2)","decl":{"start":{"line":46,"column":22},"end":{"line":46,"column":23}},"loc":{"start":{"line":46,"column":25},"end":{"line":46,"column":28}}}},"branchMap":{},"s":{"0":0,"1":0,"2":0,"3":0,"4":0,"5":0,"6":0,"7":0},"f":{"0":0,"1":0,"2":0},"b":{}}
,"/workspaces/santorini/packages/http/core.ts": {"path":"/workspaces/santorini/packages/http/core.ts","statementMap":{"0":{"start":{"line":8,"column":0},"end":{"line":8,"column":null}},"1":{"start":{"line":9,"column":4},"end":{"line":9,"column":null}},"2":{"start":{"line":10,"column":4},"end":{"line":10,"column":null}},"3":{"start":{"line":11,"column":4},"end":{"line":11,"column":null}},"4":{"start":{"line":12,"column":4},"end":{"line":12,"column":null}},"5":{"start":{"line":13,"column":4},"end":{"line":13,"column":null}},"6":{"start":{"line":14,"column":4},"end":{"line":14,"column":null}},"7":{"start":{"line":17,"column":13},"end":{"line":17,"column":null}},"8":{"start":{"line":22,"column":0},"end":{"line":22,"column":null}},"9":{"start":{"line":23,"column":4},"end":{"line":23,"column":null}},"10":{"start":{"line":24,"column":4},"end":{"line":24,"column":null}},"11":{"start":{"line":40,"column":4},"end":{"line":40,"column":null}},"12":{"start":{"line":39,"column":0},"end":{"line":39,"column":16}}},"fnMap":{"0":{"name":"(anonymous_0)","decl":{"start":{"line":8,"column":0},"end":{"line":8,"column":12}},"loc":{"start":{"line":8,"column":22},"end":{"line":15,"column":1}}},"1":{"name":"(anonymous_1)","decl":{"start":{"line":22,"column":0},"end":{"line":22,"column":12}},"loc":{"start":{"line":22,"column":23},"end":{"line":25,"column":1}}},"2":{"name":"emptyHeaders","decl":{"start":{"line":39,"column":16},"end":{"line":39,"column":28}},"loc":{"start":{"line":39,"column":28},"end":{"line":41,"column":1}}}},"branchMap":{"0":{"loc":{"start":{"line":8,"column":12},"end":{"line":8,"column":null}},"type":"binary-expr","locations":[{"start":{"line":8,"column":12},"end":{"line":8,"column":22}},{"start":{"line":8,"column":22},"end":{"line":8,"column":null}}]},"1":{"loc":{"start":{"line":22,"column":12},"end":{"line":22,"column":null}},"type":"binary-expr","locations":[{"start":{"line":22,"column":12},"end":{"line":22,"column":23}},{"start":{"line":22,"column":23},"end":{"line":22,"column":null}}]}},"s":{"0":2,"1":2,"2":2,"3":2,"4":2,"5":2,"6":2,"7":2,"8":2,"9":2,"10":2,"11":3,"12":2},"f":{"0":2,"1":2,"2":3},"b":{"0":[2,2],"1":[2,2]}}
,"/workspaces/santorini/packages/http/index.ts": {"path":"/workspaces/santorini/packages/http/index.ts","statementMap":{"0":{"start":{"line":5,"column":0},"end":{"line":5,"column":22}},"1":{"start":{"line":6,"column":0},"end":{"line":6,"column":24}}},"fnMap":{},"branchMap":{},"s":{"0":1,"1":1},"f":{},"b":{}}
,"/workspaces/santorini/packages/http/routing.ts": {"path":"/workspaces/santorini/packages/http/routing.ts","statementMap":{"0":{"start":{"line":57,"column":4},"end":{"line":57,"column":null}},"1":{"start":{"line":56,"column":0},"end":{"line":56,"column":16}},"2":{"start":{"line":63,"column":8},"end":{"line":63,"column":51}},"3":{"start":{"line":67,"column":8},"end":{"line":67,"column":51}}},"fnMap":{"0":{"name":"createRouter","decl":{"start":{"line":56,"column":16},"end":{"line":56,"column":28}},"loc":{"start":{"line":56,"column":28},"end":{"line":58,"column":1}}},"1":{"name":"(anonymous_1)","decl":{"start":{"line":62,"column":4},"end":{"line":62,"column":12}},"loc":{"start":{"line":62,"column":25},"end":{"line":64,"column":5}}},"2":{"name":"(anonymous_2)","decl":{"start":{"line":66,"column":4},"end":{"line":66,"column":12}},"loc":{"start":{"line":66,"column":36},"end":{"line":68,"column":5}}}},"branchMap":{},"s":{"0":1,"1":1,"2":0,"3":0},"f":{"0":1,"1":0,"2":0},"b":{}}
,"/workspaces/santorini/packages/http/server.ts": {"path":"/workspaces/santorini/packages/http/server.ts","statementMap":{"0":{"start":{"line":5,"column":0},"end":{"line":5,"column":33}},"1":{"start":{"line":6,"column":0},"end":{"line":6,"column":30}},"2":{"start":{"line":7,"column":0},"end":{"line":7,"column":48}},"3":{"start":{"line":134,"column":4},"end":{"line":134,"column":null}},"4":{"start":{"line":133,"column":0},"end":{"line":133,"column":16}},"5":{"start":{"line":142,"column":41},"end":{"line":142,"column":43}},"6":{"start":{"line":143,"column":21},"end":{"line":143,"column":35}},"7":{"start":{"line":147,"column":8},"end":{"line":150,"column":null}},"8":{"start":{"line":152,"column":8},"end":{"line":152,"column":null}},"9":{"start":{"line":156,"column":8},"end":{"line":156,"column":null}},"10":{"start":{"line":158,"column":8},"end":{"line":158,"column":null}},"11":{"start":{"line":162,"column":8},"end":{"line":162,"column":null}},"12":{"start":{"line":174,"column":8},"end":{"line":174,"column":null}},"13":{"start":{"line":178,"column":8},"end":{"line":178,"column":null}},"14":{"start":{"line":186,"column":8},"end":{"line":186,"column":null}}},"fnMap":{"0":{"name":"getDefaultBuilder","decl":{"start":{"line":133,"column":16},"end":{"line":133,"column":33}},"loc":{"start":{"line":133,"column":33},"end":{"line":135,"column":1}}},"1":{"name":"(anonymous_8)","decl":{"start":{"line":145,"column":4},"end":{"line":145,"column":11}},"loc":{"start":{"line":145,"column":133},"end":{"line":153,"column":5}}},"2":{"name":"(anonymous_9)","decl":{"start":{"line":155,"column":4},"end":{"line":155,"column":14}},"loc":{"start":{"line":155,"column":29},"end":{"line":159,"column":5}}},"3":{"name":"(anonymous_10)","decl":{"start":{"line":161,"column":4},"end":{"line":161,"column":9}},"loc":{"start":{"line":161,"column":9},"end":{"line":163,"column":5}}},"4":{"name":"(anonymous_11)","decl":{"start":{"line":173,"column":4},"end":{"line":173,"column":16}},"loc":{"start":{"line":173,"column":66},"end":{"line":183,"column":5}}},"5":{"name":"(anonymous_12)","decl":{"start":{"line":185,"column":4},"end":{"line":185,"column":10}},"loc":{"start":{"line":185,"column":23},"end":{"line":187,"column":5}}}},"branchMap":{},"s":{"0":1,"1":1,"2":1,"3":1,"4":1,"5":1,"6":1,"7":0,"8":0,"9":0,"10":0,"11":1,"12":1,"13":1,"14":0},"f":{"0":1,"1":0,"2":0,"3":1,"4":1,"5":0},"b":{}}
,"/workspaces/santorini/packages/http/routing/index.ts": {"path":"/workspaces/santorini/packages/http/routing/index.ts","statementMap":{"0":{"start":{"line":5,"column":0},"end":{"line":5,"column":93}},"1":{"start":{"line":13,"column":8},"end":{"line":13,"column":null}},"2":{"start":{"line":10,"column":0},"end":{"line":10,"column":13}},"3":{"start":{"line":47,"column":4},"end":{"line":47,"column":null}},"4":{"start":{"line":46,"column":0},"end":{"line":46,"column":16}},"5":{"start":{"line":60,"column":33},"end":{"line":60,"column":51}},"6":{"start":{"line":63,"column":25},"end":{"line":63,"column":86}},"7":{"start":{"line":64,"column":8},"end":{"line":104,"column":null}},"8":{"start":{"line":65,"column":26},"end":{"line":65,"column":35}},"9":{"start":{"line":66,"column":12},"end":{"line":101,"column":null}},"10":{"start":{"line":67,"column":16},"end":{"line":100,"column":null}},"11":{"start":{"line":68,"column":41},"end":{"line":68,"column":46}},"12":{"start":{"line":69,"column":20},"end":{"line":93,"column":null}},"13":{"start":{"line":70,"column":24},"end":{"line":92,"column":null}},"14":{"start":{"line":71,"column":28},"end":{"line":71,"column":null}},"15":{"start":{"line":72,"column":31},"end":{"line":92,"column":null}},"16":{"start":{"line":73,"column":28},"end":{"line":73,"column":null}},"17":{"start":{"line":74,"column":31},"end":{"line":92,"column":null}},"18":{"start":{"line":75,"column":28},"end":{"line":75,"column":null}},"19":{"start":{"line":76,"column":28},"end":{"line":78,"column":null}},"20":{"start":{"line":77,"column":32},"end":{"line":77,"column":null}},"21":{"start":{"line":79,"column":50},"end":{"line":79,"column":66}},"22":{"start":{"line":80,"column":28},"end":{"line":89,"column":null}},"23":{"start":{"line":81,"column":42},"end":{"line":81,"column":80}},"24":{"start":{"line":82,"column":32},"end":{"line":86,"column":null}},"25":{"start":{"line":83,"column":36},"end":{"line":83,"column":null}},"26":{"start":{"line":85,"column":36},"end":{"line":85,"column":null}},"27":{"start":{"line":88,"column":32},"end":{"line":88,"column":null}},"28":{"start":{"line":90,"column":31},"end":{"line":92,"column":null}},"29":{"start":{"line":91,"column":28},"end":{"line":91,"column":null}},"30":{"start":{"line":95,"column":20},"end":{"line":97,"column":null}},"31":{"start":{"line":96,"column":24},"end":{"line":96,"column":30}},"32":{"start":{"line":99,"column":20},"end":{"line":99,"column":26}},"33":{"start":{"line":103,"column":12},"end":{"line":103,"column":null}},"34":{"start":{"line":109,"column":8},"end":{"line":111,"column":null}},"35":{"start":{"line":110,"column":12},"end":{"line":110,"column":null}},"36":{"start":{"line":114,"column":25},"end":{"line":114,"column":82}},"37":{"start":{"line":115,"column":8},"end":{"line":117,"column":null}},"38":{"start":{"line":116,"column":12},"end":{"line":116,"column":null}},"39":{"start":{"line":120,"column":18},"end":{"line":120,"column":33}},"40":{"start":{"line":121,"column":8},"end":{"line":133,"column":null}},"41":{"start":{"line":121,"column":21},"end":{"line":121,"column":22}},"42":{"start":{"line":122,"column":28},"end":{"line":122,"column":39}},"43":{"start":{"line":123,"column":12},"end":{"line":131,"column":null}},"44":{"start":{"line":125,"column":16},"end":{"line":125,"column":24}},"45":{"start":{"line":126,"column":19},"end":{"line":131,"column":null}},"46":{"start":{"line":127,"column":16},"end":{"line":129,"column":null}},"47":{"start":{"line":128,"column":20},"end":{"line":128,"column":null}},"48":{"start":{"line":130,"column":16},"end":{"line":130,"column":24}},"49":{"start":{"line":132,"column":12},"end":{"line":132,"column":null}},"50":{"start":{"line":137,"column":36},"end":{"line":137,"column":45}},"51":{"start":{"line":138,"column":8},"end":{"line":216,"column":null}},"52":{"start":{"line":139,"column":41},"end":{"line":139,"column":62}},"53":{"start":{"line":142,"column":12},"end":{"line":151,"column":null}},"54":{"start":{"line":143,"column":16},"end":{"line":143,"column":null}},"55":{"start":{"line":144,"column":16},"end":{"line":144,"column":null}},"56":{"start":{"line":145,"column":19},"end":{"line":151,"column":null}},"57":{"start":{"line":146,"column":16},"end":{"line":146,"column":null}},"58":{"start":{"line":147,"column":19},"end":{"line":151,"column":null}},"59":{"start":{"line":148,"column":16},"end":{"line":148,"column":null}},"60":{"start":{"line":149,"column":16},"end":{"line":149,"column":null}},"61":{"start":{"line":150,"column":16},"end":{"line":150,"column":49}},"62":{"start":{"line":153,"column":12},"end":{"line":153,"column":null}},"63":{"start":{"line":156,"column":12},"end":{"line":215,"column":null}},"64":{"start":{"line":157,"column":16},"end":{"line":157,"column":null}},"65":{"start":{"line":158,"column":44},"end":{"line":163,"column":null}},"66":{"start":{"line":165,"column":16},"end":{"line":165,"column":null}},"67":{"start":{"line":166,"column":16},"end":{"line":166,"column":null}},"68":{"start":{"line":171,"column":16},"end":{"line":200,"column":null}},"69":{"start":{"line":174,"column":20},"end":{"line":199,"column":null}},"70":{"start":{"line":176,"column":24},"end":{"line":176,"column":null}},"71":{"start":{"line":179,"column":24},"end":{"line":188,"column":null}},"72":{"start":{"line":180,"column":28},"end":{"line":183,"column":null}},"73":{"start":{"line":181,"column":32},"end":{"line":181,"column":null}},"74":{"start":{"line":182,"column":32},"end":{"line":182,"column":37}},"75":{"start":{"line":186,"column":28},"end":{"line":186,"column":null}},"76":{"start":{"line":187,"column":28},"end":{"line":187,"column":33}},"77":{"start":{"line":190,"column":27},"end":{"line":199,"column":null}},"78":{"start":{"line":192,"column":24},"end":{"line":192,"column":null}},"79":{"start":{"line":193,"column":24},"end":{"line":193,"column":29}},"80":{"start":{"line":194,"column":27},"end":{"line":199,"column":null}},"81":{"start":{"line":196,"column":24},"end":{"line":196,"column":null}},"82":{"start":{"line":198,"column":24},"end":{"line":198,"column":null}},"83":{"start":{"line":202,"column":16},"end":{"line":214,"column":null}},"84":{"start":{"line":203,"column":20},"end":{"line":203,"column":null}},"85":{"start":{"line":205,"column":48},"end":{"line":210,"column":null}},"86":{"start":{"line":212,"column":20},"end":{"line":212,"column":null}},"87":{"start":{"line":213,"column":20},"end":{"line":213,"column":null}},"88":{"start":{"line":219,"column":8},"end":{"line":231,"column":null}},"89":{"start":{"line":220,"column":12},"end":{"line":222,"column":null}},"90":{"start":{"line":221,"column":16},"end":{"line":221,"column":null}},"91":{"start":{"line":224,"column":12},"end":{"line":224,"column":null}},"92":{"start":{"line":226,"column":12},"end":{"line":230,"column":null}},"93":{"start":{"line":227,"column":16},"end":{"line":229,"column":null}},"94":{"start":{"line":228,"column":20},"end":{"line":228,"column":null}},"95":{"start":{"line":235,"column":25},"end":{"line":235,"column":28}},"96":{"start":{"line":236,"column":27},"end":{"line":236,"column":31}},"97":{"start":{"line":237,"column":34},"end":{"line":237,"column":51}},"98":{"start":{"line":238,"column":32},"end":{"line":238,"column":64}},"99":{"start":{"line":239,"column":31},"end":{"line":239,"column":87}},"100":{"start":{"line":244,"column":0},"end":{"line":244,"column":null}},"101":{"start":{"line":245,"column":4},"end":{"line":245,"column":null}},"102":{"start":{"line":246,"column":4},"end":{"line":246,"column":null}},"103":{"start":{"line":247,"column":4},"end":{"line":247,"column":null}},"104":{"start":{"line":248,"column":4},"end":{"line":248,"column":null}},"105":{"start":{"line":259,"column":29},"end":{"line":259,"column":50}},"106":{"start":{"line":260,"column":29},"end":{"line":260,"column":41}},"107":{"start":{"line":263,"column":19},"end":{"line":271,"column":null}},"108":{"start":{"line":264,"column":18},"end":{"line":271,"column":null}}},"fnMap":{"0":{"name":"(anonymous_0)","decl":{"start":{"line":12,"column":4},"end":{"line":12,"column":16}},"loc":{"start":{"line":12,"column":32},"end":{"line":14,"column":5}}},"1":{"name":"createRouter","decl":{"start":{"line":46,"column":16},"end":{"line":46,"column":28}},"loc":{"start":{"line":46,"column":28},"end":{"line":48,"column":1}}},"2":{"name":"(anonymous_2)","decl":{"start":{"line":62,"column":4},"end":{"line":62,"column":10}},"loc":{"start":{"line":62,"column":67},"end":{"line":105,"column":5}}},"3":{"name":"(anonymous_3)","decl":{"start":{"line":107,"column":4},"end":{"line":107,"column":12}},"loc":{"start":{"line":107,"column":72},"end":{"line":232,"column":5}}},"4":{"name":"(anonymous_4)","decl":{"start":{"line":244,"column":0},"end":{"line":244,"column":5}},"loc":{"start":{"line":244,"column":21},"end":{"line":249,"column":1}}},"5":{"name":"(anonymous_5)","decl":{"start":{"line":263,"column":19},"end":{"line":263,"column":36}},"loc":{"start":{"line":264,"column":18},"end":{"line":271,"column":null}}}},"branchMap":{"0":{"loc":{"start":{"line":64,"column":8},"end":{"line":104,"column":null}},"type":"if","locations":[{"start":{"line":64,"column":8},"end":{"line":104,"column":null}}]},"1":{"loc":{"start":{"line":67,"column":16},"end":{"line":100,"column":null}},"type":"if","locations":[{"start":{"line":67,"column":16},"end":{"line":100,"column":null}},{"start":{"line":98,"column":23},"end":{"line":100,"column":null}}]},"2":{"loc":{"start":{"line":70,"column":24},"end":{"line":92,"column":null}},"type":"if","locations":[{"start":{"line":70,"column":24},"end":{"line":92,"column":null}},{"start":{"line":72,"column":31},"end":{"line":92,"column":null}}]},"3":{"loc":{"start":{"line":72,"column":31},"end":{"line":92,"column":null}},"type":"if","locations":[{"start":{"line":72,"column":31},"end":{"line":92,"column":null}},{"start":{"line":74,"column":31},"end":{"line":92,"column":null}}]},"4":{"loc":{"start":{"line":74,"column":31},"end":{"line":92,"column":null}},"type":"if","locations":[{"start":{"line":74,"column":31},"end":{"line":92,"column":null}},{"start":{"line":90,"column":31},"end":{"line":92,"column":null}}]},"5":{"loc":{"start":{"line":76,"column":28},"end":{"line":78,"column":null}},"type":"if","locations":[{"start":{"line":76,"column":28},"end":{"line":78,"column":null}}]},"6":{"loc":{"start":{"line":80,"column":28},"end":{"line":89,"column":null}},"type":"if","locations":[{"start":{"line":80,"column":28},"end":{"line":89,"column":null}},{"start":{"line":87,"column":35},"end":{"line":89,"column":null}}]},"7":{"loc":{"start":{"line":82,"column":32},"end":{"line":86,"column":null}},"type":"if","locations":[{"start":{"line":82,"column":32},"end":{"line":86,"column":null}},{"start":{"line":84,"column":39},"end":{"line":86,"column":null}}]},"8":{"loc":{"start":{"line":90,"column":31},"end":{"line":92,"column":null}},"type":"if","locations":[{"start":{"line":90,"column":31},"end":{"line":92,"column":null}}]},"9":{"loc":{"start":{"line":95,"column":20},"end":{"line":97,"column":null}},"type":"if","locations":[{"start":{"line":95,"column":20},"end":{"line":97,"column":null}}]},"10":{"loc":{"start":{"line":109,"column":8},"end":{"line":111,"column":null}},"type":"if","locations":[{"start":{"line":109,"column":8},"end":{"line":111,"column":null}}]},"11":{"loc":{"start":{"line":115,"column":8},"end":{"line":117,"column":null}},"type":"if","locations":[{"start":{"line":115,"column":8},"end":{"line":117,"column":null}}]},"12":{"loc":{"start":{"line":123,"column":12},"end":{"line":131,"column":null}},"type":"if","locations":[{"start":{"line":123,"column":12},"end":{"line":131,"column":null}},{"start":{"line":126,"column":19},"end":{"line":131,"column":null}}]},"13":{"loc":{"start":{"line":123,"column":16},"end":{"line":124,"column":80}},"type":"binary-expr","locations":[{"start":{"line":123,"column":16},"end":{"line":123,"column":36}},{"start":{"line":124,"column":16},"end":{"line":124,"column":47}},{"start":{"line":124,"column":51},"end":{"line":124,"column":80}}]},"14":{"loc":{"start":{"line":126,"column":19},"end":{"line":131,"column":null}},"type":"if","locations":[{"start":{"line":126,"column":19},"end":{"line":131,"column":null}}]},"15":{"loc":{"start":{"line":127,"column":16},"end":{"line":129,"column":null}},"type":"if","locations":[{"start":{"line":127,"column":16},"end":{"line":129,"column":null}}]},"16":{"loc":{"start":{"line":142,"column":12},"end":{"line":151,"column":null}},"type":"if","locations":[{"start":{"line":142,"column":12},"end":{"line":151,"column":null}},{"start":{"line":145,"column":19},"end":{"line":151,"column":null}}]},"17":{"loc":{"start":{"line":145,"column":19},"end":{"line":151,"column":null}},"type":"if","locations":[{"start":{"line":145,"column":19},"end":{"line":151,"column":null}},{"start":{"line":147,"column":19},"end":{"line":151,"column":null}}]},"18":{"loc":{"start":{"line":147,"column":19},"end":{"line":151,"column":null}},"type":"if","locations":[{"start":{"line":147,"column":19},"end":{"line":151,"column":null}}]},"19":{"loc":{"start":{"line":156,"column":12},"end":{"line":215,"column":null}},"type":"if","locations":[{"start":{"line":156,"column":12},"end":{"line":215,"column":null}},{"start":{"line":167,"column":19},"end":{"line":215,"column":null}}]},"20":{"loc":{"start":{"line":174,"column":20},"end":{"line":199,"column":null}},"type":"if","locations":[{"start":{"line":174,"column":20},"end":{"line":199,"column":null}},{"start":{"line":190,"column":27},"end":{"line":199,"column":null}}]},"21":{"loc":{"start":{"line":179,"column":24},"end":{"line":188,"column":null}},"type":"if","locations":[{"start":{"line":179,"column":24},"end":{"line":188,"column":null}},{"start":{"line":184,"column":31},"end":{"line":188,"column":null}}]},"22":{"loc":{"start":{"line":180,"column":28},"end":{"line":183,"column":null}},"type":"if","locations":[{"start":{"line":180,"column":28},"end":{"line":183,"column":null}}]},"23":{"loc":{"start":{"line":190,"column":27},"end":{"line":199,"column":null}},"type":"if","locations":[{"start":{"line":190,"column":27},"end":{"line":199,"column":null}},{"start":{"line":194,"column":27},"end":{"line":199,"column":null}}]},"24":{"loc":{"start":{"line":194,"column":27},"end":{"line":199,"column":null}},"type":"if","locations":[{"start":{"line":194,"column":27},"end":{"line":199,"column":null}},{"start":{"line":197,"column":27},"end":{"line":199,"column":null}}]},"25":{"loc":{"start":{"line":194,"column":31},"end":{"line":195,"column":101}},"type":"binary-expr","locations":[{"start":{"line":194,"column":32},"end":{"line":194,"column":70}},{"start":{"line":194,"column":74},"end":{"line":194,"column":107}},{"start":{"line":195,"column":25},"end":{"line":195,"column":64}},{"start":{"line":195,"column":68},"end":{"line":195,"column":100}}]},"26":{"loc":{"start":{"line":202,"column":16},"end":{"line":214,"column":null}},"type":"if","locations":[{"start":{"line":202,"column":16},"end":{"line":214,"column":null}},{"start":{"line":204,"column":23},"end":{"line":214,"column":null}}]},"27":{"loc":{"start":{"line":219,"column":8},"end":{"line":231,"column":null}},"type":"if","locations":[{"start":{"line":219,"column":8},"end":{"line":231,"column":null}},{"start":{"line":225,"column":15},"end":{"line":231,"column":null}}]},"28":{"loc":{"start":{"line":220,"column":12},"end":{"line":222,"column":null}},"type":"if","locations":[{"start":{"line":220,"column":12},"end":{"line":222,"column":null}}]},"29":{"loc":{"start":{"line":227,"column":16},"end":{"line":229,"column":null}},"type":"if","locations":[{"start":{"line":227,"column":16},"end":{"line":229,"column":null}}]},"30":{"loc":{"start":{"line":244,"column":5},"end":{"line":244,"column":null}},"type":"binary-expr","locations":[{"start":{"line":244,"column":5},"end":{"line":244,"column":21}},{"start":{"line":244,"column":5},"end":{"line":244,"column":null}}]}},"s":{"0":1,"1":7,"2":1,"3":2,"4":1,"5":2,"6":1,"7":1,"8":1,"9":1,"10":1,"11":1,"12":1,"13":6,"14":0,"15":6,"16":0,"17":6,"18":0,"19":0,"20":0,"21":0,"22":0,"23":0,"24":0,"25":0,"26":0,"27":0,"28":6,"29":0,"30":1,"31":1,"32":0,"33":0,"34":15,"35":4,"36":11,"37":11,"38":0,"39":11,"40":11,"41":11,"42":31,"43":31,"44":26,"45":5,"46":3,"47":1,"48":2,"49":2,"50":8,"51":8,"52":27,"53":27,"54":2,"55":2,"56":25,"57":2,"58":23,"59":5,"60":5,"61":5,"62":27,"63":27,"64":21,"65":21,"66":21,"67":21,"68":6,"69":16,"70":0,"71":0,"72":0,"73":0,"74":0,"75":0,"76":0,"77":16,"78":0,"79":0,"80":16,"81":0,"82":16,"83":6,"84":0,"85":6,"86":6,"87":6,"88":8,"89":0,"90":0,"91":0,"92":8,"93":48,"94":48,"95":1,"96":1,"97":1,"98":1,"99":1,"100":1,"101":1,"102":1,"103":1,"104":1,"105":2,"106":2,"107":1,"108":29},"f":{"0":7,"1":2,"2":1,"3":15,"4":1,"5":29},"b":{"0":[1],"1":[1,0],"2":[0,6],"3":[0,6],"4":[0,6],"5":[0],"6":[0,0],"7":[0,0],"8":[0],"9":[1],"10":[4],"11":[0],"12":[26,5],"13":[31,29,10],"14":[3],"15":[1],"16":[2,25],"17":[2,23],"18":[5],"19":[21,6],"20":[0,16],"21":[0,0],"22":[0],"23":[0,16],"24":[0,16],"25":[16,0,16,0],"26":[0,6],"27":[0,8],"28":[0],"29":[48],"30":[1,1]}}
}
