{"C:\\Users\\NathanNorthcutt\\Code\\github\\telefrek\\granada\\packages\\core\\concurrency\\index.ts": {"path":"C:\\Users\\NathanNorthcutt\\Code\\github\\telefrek\\granada\\packages\\core\\concurrency\\index.ts","statementMap":{"0":{"start":{"line":5,"column":0},"end":{"line":5,"column":28}},"1":{"start":{"line":7,"column":0},"end":{"line":7,"column":24}}},"fnMap":{},"branchMap":{},"s":{"0":1,"1":1},"f":{},"b":{}}
,"C:\\Users\\NathanNorthcutt\\Code\\github\\telefrek\\granada\\packages\\core\\concurrency\\primitives.ts": {"path":"C:\\Users\\NathanNorthcutt\\Code\\github\\telefrek\\granada\\packages\\core\\concurrency\\primitives.ts","statementMap":{"0":{"start":{"line":15,"column":23},"end":{"line":15,"column":28}},"1":{"start":{"line":16,"column":34},"end":{"line":16,"column":36}},"2":{"start":{"line":24,"column":8},"end":{"line":27,"column":null}},"3":{"start":{"line":25,"column":12},"end":{"line":25,"column":null}},"4":{"start":{"line":26,"column":12},"end":{"line":26,"column":null}},"5":{"start":{"line":29,"column":8},"end":{"line":29,"column":null}},"6":{"start":{"line":38,"column":8},"end":{"line":41,"column":null}},"7":{"start":{"line":39,"column":12},"end":{"line":39,"column":null}},"8":{"start":{"line":40,"column":12},"end":{"line":40,"column":18}},"9":{"start":{"line":43,"column":8},"end":{"line":45,"column":null}},"10":{"start":{"line":44,"column":12},"end":{"line":44,"column":null}},"11":{"start":{"line":52,"column":8},"end":{"line":52,"column":null}},"12":{"start":{"line":54,"column":8},"end":{"line":56,"column":null}},"13":{"start":{"line":55,"column":12},"end":{"line":55,"column":null}},"14":{"start":{"line":13,"column":0},"end":{"line":13,"column":13}},"15":{"start":{"line":61,"column":23},"end":{"line":61,"column":42}},"16":{"start":{"line":68,"column":20},"end":{"line":68,"column":31}},"17":{"start":{"line":76,"column":8},"end":{"line":76,"column":null}},"18":{"start":{"line":83,"column":8},"end":{"line":83,"column":null}},"19":{"start":{"line":66,"column":0},"end":{"line":66,"column":13}},"20":{"start":{"line":96,"column":4},"end":{"line":96,"column":null}},"21":{"start":{"line":93,"column":0},"end":{"line":93,"column":16}},"22":{"start":{"line":104,"column":23},"end":{"line":104,"column":24}},"23":{"start":{"line":105,"column":34},"end":{"line":105,"column":36}},"24":{"start":{"line":111,"column":8},"end":{"line":111,"column":null}},"25":{"start":{"line":120,"column":8},"end":{"line":120,"column":null}},"26":{"start":{"line":122,"column":8},"end":{"line":126,"column":null}},"27":{"start":{"line":123,"column":12},"end":{"line":123,"column":null}},"28":{"start":{"line":125,"column":12},"end":{"line":125,"column":null}},"29":{"start":{"line":135,"column":8},"end":{"line":138,"column":null}},"30":{"start":{"line":136,"column":12},"end":{"line":136,"column":null}},"31":{"start":{"line":137,"column":12},"end":{"line":137,"column":null}},"32":{"start":{"line":140,"column":8},"end":{"line":140,"column":null}},"33":{"start":{"line":150,"column":8},"end":{"line":153,"column":null}},"34":{"start":{"line":151,"column":12},"end":{"line":151,"column":null}},"35":{"start":{"line":152,"column":12},"end":{"line":152,"column":18}},"36":{"start":{"line":156,"column":8},"end":{"line":158,"column":null}},"37":{"start":{"line":157,"column":12},"end":{"line":157,"column":null}},"38":{"start":{"line":167,"column":8},"end":{"line":173,"column":null}},"39":{"start":{"line":169,"column":12},"end":{"line":169,"column":null}},"40":{"start":{"line":172,"column":12},"end":{"line":172,"column":null}},"41":{"start":{"line":184,"column":8},"end":{"line":186,"column":null}},"42":{"start":{"line":185,"column":12},"end":{"line":185,"column":null}},"43":{"start":{"line":189,"column":8},"end":{"line":189,"column":null}},"44":{"start":{"line":192,"column":8},"end":{"line":196,"column":null}},"45":{"start":{"line":194,"column":12},"end":{"line":194,"column":null}},"46":{"start":{"line":195,"column":12},"end":{"line":195,"column":null}},"47":{"start":{"line":203,"column":8},"end":{"line":203,"column":null}},"48":{"start":{"line":210,"column":8},"end":{"line":210,"column":null}},"49":{"start":{"line":102,"column":0},"end":{"line":102,"column":13}}},"fnMap":{"0":{"name":"(anonymous_0)","decl":{"start":{"line":23,"column":4},"end":{"line":23,"column":14}},"loc":{"start":{"line":23,"column":14},"end":{"line":30,"column":5}}},"1":{"name":"(anonymous_1)","decl":{"start":{"line":37,"column":4},"end":{"line":37,"column":11}},"loc":{"start":{"line":37,"column":11},"end":{"line":46,"column":5}}},"2":{"name":"(anonymous_2)","decl":{"start":{"line":43,"column":27},"end":{"line":43,"column":34}},"loc":{"start":{"line":43,"column":37},"end":{"line":45,"column":9}}},"3":{"name":"(anonymous_3)","decl":{"start":{"line":51,"column":4},"end":{"line":51,"column":11}},"loc":{"start":{"line":51,"column":11},"end":{"line":57,"column":5}}},"4":{"name":"(anonymous_4)","decl":{"start":{"line":75,"column":4},"end":{"line":75,"column":8}},"loc":{"start":{"line":75,"column":8},"end":{"line":77,"column":5}}},"5":{"name":"(anonymous_5)","decl":{"start":{"line":82,"column":4},"end":{"line":82,"column":9}},"loc":{"start":{"line":82,"column":9},"end":{"line":84,"column":5}}},"6":{"name":"getMonitor","decl":{"start":{"line":93,"column":16},"end":{"line":93,"column":26}},"loc":{"start":{"line":93,"column":35},"end":{"line":97,"column":1}}},"7":{"name":"(anonymous_7)","decl":{"start":{"line":110,"column":4},"end":{"line":110,"column":16}},"loc":{"start":{"line":110,"column":35},"end":{"line":112,"column":5}}},"8":{"name":"(anonymous_8)","decl":{"start":{"line":119,"column":4},"end":{"line":119,"column":9}},"loc":{"start":{"line":119,"column":41},"end":{"line":127,"column":5}}},"9":{"name":"(anonymous_9)","decl":{"start":{"line":134,"column":11},"end":{"line":134,"column":21}},"loc":{"start":{"line":134,"column":21},"end":{"line":141,"column":5}}},"10":{"name":"(anonymous_10)","decl":{"start":{"line":147,"column":11},"end":{"line":147,"column":18}},"loc":{"start":{"line":147,"column":18},"end":{"line":159,"column":5}}},"11":{"name":"(anonymous_11)","decl":{"start":{"line":156,"column":33},"end":{"line":156,"column":40}},"loc":{"start":{"line":156,"column":43},"end":{"line":158,"column":9}}},"12":{"name":"(anonymous_12)","decl":{"start":{"line":166,"column":11},"end":{"line":166,"column":18}},"loc":{"start":{"line":166,"column":18},"end":{"line":174,"column":5}}},"13":{"name":"(anonymous_13)","decl":{"start":{"line":181,"column":11},"end":{"line":181,"column":17}},"loc":{"start":{"line":181,"column":34},"end":{"line":197,"column":5}}},"14":{"name":"(anonymous_14)","decl":{"start":{"line":202,"column":4},"end":{"line":202,"column":13}},"loc":{"start":{"line":202,"column":13},"end":{"line":204,"column":5}}},"15":{"name":"(anonymous_15)","decl":{"start":{"line":209,"column":4},"end":{"line":209,"column":9}},"loc":{"start":{"line":209,"column":9},"end":{"line":211,"column":5}}}},"branchMap":{"0":{"loc":{"start":{"line":24,"column":8},"end":{"line":27,"column":null}},"type":"if","locations":[{"start":{"line":24,"column":8},"end":{"line":27,"column":null}}]},"1":{"loc":{"start":{"line":38,"column":8},"end":{"line":41,"column":null}},"type":"if","locations":[{"start":{"line":38,"column":8},"end":{"line":41,"column":null}}]},"2":{"loc":{"start":{"line":54,"column":8},"end":{"line":56,"column":null}},"type":"if","locations":[{"start":{"line":54,"column":8},"end":{"line":56,"column":null}}]},"3":{"loc":{"start":{"line":96,"column":11},"end":{"line":96,"column":117}},"type":"cond-expr","locations":[{"start":{"line":96,"column":48},"end":{"line":96,"column":83}},{"start":{"line":96,"column":87},"end":{"line":96,"column":117}}]},"4":{"loc":{"start":{"line":135,"column":8},"end":{"line":138,"column":null}},"type":"if","locations":[{"start":{"line":135,"column":8},"end":{"line":138,"column":null}}]},"5":{"loc":{"start":{"line":150,"column":8},"end":{"line":153,"column":null}},"type":"if","locations":[{"start":{"line":150,"column":8},"end":{"line":153,"column":null}}]},"6":{"loc":{"start":{"line":167,"column":8},"end":{"line":173,"column":null}},"type":"if","locations":[{"start":{"line":167,"column":8},"end":{"line":173,"column":null}},{"start":{"line":170,"column":15},"end":{"line":173,"column":null}}]},"7":{"loc":{"start":{"line":167,"column":12},"end":{"line":167,"column":75}},"type":"binary-expr","locations":[{"start":{"line":167,"column":12},"end":{"line":167,"column":38}},{"start":{"line":167,"column":42},"end":{"line":167,"column":75}}]},"8":{"loc":{"start":{"line":184,"column":8},"end":{"line":186,"column":null}},"type":"if","locations":[{"start":{"line":184,"column":8},"end":{"line":186,"column":null}}]},"9":{"loc":{"start":{"line":192,"column":15},"end":{"line":192,"column":79}},"type":"binary-expr","locations":[{"start":{"line":192,"column":15},"end":{"line":192,"column":49}},{"start":{"line":192,"column":53},"end":{"line":192,"column":79}}]}},"s":{"0":3,"1":3,"2":4,"3":2,"4":2,"5":2,"6":11,"7":2,"8":2,"9":9,"10":9,"11":13,"12":13,"13":9,"14":2,"15":2,"16":2,"17":10,"18":10,"19":2,"20":23,"21":2,"22":3,"23":3,"24":3,"25":1000,"26":1000,"27":1000,"28":1000,"29":3280,"30":1724,"31":1724,"32":1556,"33":1010,"34":8,"35":8,"36":1002,"37":1002,"38":2734,"39":982,"40":1752,"41":248,"42":0,"43":248,"44":248,"45":20,"46":20,"47":7,"48":1,"49":2},"f":{"0":4,"1":11,"2":9,"3":13,"4":10,"5":10,"6":23,"7":3,"8":1000,"9":3280,"10":1010,"11":1002,"12":2734,"13":248,"14":7,"15":1},"b":{"0":[2],"1":[2],"2":[9],"3":[2,21],"4":[1724],"5":[8],"6":[982,1752],"7":[2734,988],"8":[0],"9":[268,266]}}
,"C:\\Users\\NathanNorthcutt\\Code\\github\\telefrek\\granada\\packages\\core\\concurrency\\limits\\algorithms.ts": {"path":"C:\\Users\\NathanNorthcutt\\Code\\github\\telefrek\\granada\\packages\\core\\concurrency\\limits\\algorithms.ts","statementMap":{"0":{"start":{"line":1,"column":0},"end":{"line":1,"column":34}},"1":{"start":{"line":2,"column":0},"end":{"line":2,"column":33}},"2":{"start":{"line":7,"column":33},"end":{"line":7,"column":100}},"3":{"start":{"line":7,"column":73},"end":{"line":7,"column":99}},"4":{"start":{"line":16,"column":4},"end":{"line":16,"column":null}},"5":{"start":{"line":27,"column":8},"end":{"line":29,"column":null}},"6":{"start":{"line":28,"column":12},"end":{"line":28,"column":null}},"7":{"start":{"line":31,"column":8},"end":{"line":31,"column":null}},"8":{"start":{"line":32,"column":8},"end":{"line":32,"column":null}},"9":{"start":{"line":36,"column":8},"end":{"line":36,"column":null}},"10":{"start":{"line":43,"column":8},"end":{"line":43,"column":null}},"11":{"start":{"line":54,"column":8},"end":{"line":57,"column":null}},"12":{"start":{"line":55,"column":12},"end":{"line":55,"column":null}},"13":{"start":{"line":56,"column":12},"end":{"line":56,"column":null}},"14":{"start":{"line":77,"column":8},"end":{"line":77,"column":null}},"15":{"start":{"line":103,"column":8},"end":{"line":103,"column":null}},"16":{"start":{"line":104,"column":8},"end":{"line":104,"column":null}},"17":{"start":{"line":105,"column":8},"end":{"line":105,"column":null}},"18":{"start":{"line":105,"column":27},"end":{"line":105,"column":39}},"19":{"start":{"line":106,"column":8},"end":{"line":106,"column":null}},"20":{"start":{"line":106,"column":26},"end":{"line":106,"column":38}},"21":{"start":{"line":107,"column":8},"end":{"line":107,"column":null}},"22":{"start":{"line":108,"column":8},"end":{"line":108,"column":null}},"23":{"start":{"line":108,"column":30},"end":{"line":108,"column":42}},"24":{"start":{"line":109,"column":8},"end":{"line":109,"column":null}},"25":{"start":{"line":109,"column":30},"end":{"line":109,"column":42}},"26":{"start":{"line":110,"column":8},"end":{"line":110,"column":null}},"27":{"start":{"line":111,"column":8},"end":{"line":111,"column":null}},"28":{"start":{"line":118,"column":8},"end":{"line":118,"column":null}},"29":{"start":{"line":125,"column":8},"end":{"line":125,"column":null}},"30":{"start":{"line":132,"column":8},"end":{"line":132,"column":null}},"31":{"start":{"line":139,"column":8},"end":{"line":139,"column":null}},"32":{"start":{"line":146,"column":8},"end":{"line":146,"column":null}},"33":{"start":{"line":153,"column":8},"end":{"line":153,"column":null}},"34":{"start":{"line":160,"column":8},"end":{"line":160,"column":null}},"35":{"start":{"line":167,"column":8},"end":{"line":167,"column":null}},"36":{"start":{"line":174,"column":8},"end":{"line":174,"column":null}},"37":{"start":{"line":183,"column":8},"end":{"line":183,"column":null}},"38":{"start":{"line":184,"column":8},"end":{"line":184,"column":null}},"39":{"start":{"line":193,"column":8},"end":{"line":193,"column":null}},"40":{"start":{"line":194,"column":8},"end":{"line":194,"column":null}},"41":{"start":{"line":203,"column":8},"end":{"line":203,"column":null}},"42":{"start":{"line":204,"column":8},"end":{"line":204,"column":null}},"43":{"start":{"line":213,"column":8},"end":{"line":213,"column":null}},"44":{"start":{"line":214,"column":8},"end":{"line":214,"column":null}},"45":{"start":{"line":223,"column":8},"end":{"line":223,"column":null}},"46":{"start":{"line":224,"column":8},"end":{"line":224,"column":null}},"47":{"start":{"line":233,"column":8},"end":{"line":233,"column":null}},"48":{"start":{"line":234,"column":8},"end":{"line":234,"column":null}},"49":{"start":{"line":243,"column":8},"end":{"line":243,"column":null}},"50":{"start":{"line":244,"column":8},"end":{"line":244,"column":null}},"51":{"start":{"line":253,"column":8},"end":{"line":253,"column":null}},"52":{"start":{"line":254,"column":8},"end":{"line":254,"column":null}},"53":{"start":{"line":262,"column":8},"end":{"line":262,"column":null}},"54":{"start":{"line":89,"column":0},"end":{"line":89,"column":13}},"55":{"start":{"line":281,"column":30},"end":{"line":281,"column":31}},"56":{"start":{"line":282,"column":26},"end":{"line":282,"column":27}},"57":{"start":{"line":283,"column":27},"end":{"line":283,"column":28}},"58":{"start":{"line":284,"column":25},"end":{"line":284,"column":26}},"59":{"start":{"line":287,"column":8},"end":{"line":287,"column":null}},"60":{"start":{"line":289,"column":8},"end":{"line":289,"column":null}},"61":{"start":{"line":290,"column":8},"end":{"line":290,"column":null}},"62":{"start":{"line":291,"column":8},"end":{"line":291,"column":null}},"63":{"start":{"line":292,"column":8},"end":{"line":292,"column":null}},"64":{"start":{"line":293,"column":8},"end":{"line":293,"column":null}},"65":{"start":{"line":294,"column":8},"end":{"line":294,"column":null}},"66":{"start":{"line":295,"column":8},"end":{"line":295,"column":null}},"67":{"start":{"line":296,"column":8},"end":{"line":296,"column":null}},"68":{"start":{"line":297,"column":8},"end":{"line":297,"column":null}},"69":{"start":{"line":299,"column":8},"end":{"line":299,"column":null}},"70":{"start":{"line":303,"column":8},"end":{"line":303,"column":null}},"71":{"start":{"line":307,"column":20},"end":{"line":307,"column":43}},"72":{"start":{"line":310,"column":8},"end":{"line":315,"column":null}},"73":{"start":{"line":311,"column":12},"end":{"line":311,"column":null}},"74":{"start":{"line":312,"column":12},"end":{"line":312,"column":null}},"75":{"start":{"line":313,"column":12},"end":{"line":313,"column":null}},"76":{"start":{"line":314,"column":12},"end":{"line":314,"column":null}},"77":{"start":{"line":318,"column":8},"end":{"line":321,"column":null}},"78":{"start":{"line":319,"column":12},"end":{"line":319,"column":null}},"79":{"start":{"line":320,"column":12},"end":{"line":320,"column":null}},"80":{"start":{"line":324,"column":21},"end":{"line":324,"column":84}},"81":{"start":{"line":327,"column":8},"end":{"line":346,"column":null}},"82":{"start":{"line":328,"column":12},"end":{"line":328,"column":null}},"83":{"start":{"line":329,"column":15},"end":{"line":346,"column":null}},"84":{"start":{"line":330,"column":12},"end":{"line":330,"column":null}},"85":{"start":{"line":332,"column":26},"end":{"line":332,"column":59}},"86":{"start":{"line":333,"column":25},"end":{"line":333,"column":57}},"87":{"start":{"line":334,"column":30},"end":{"line":334,"column":67}},"88":{"start":{"line":337,"column":12},"end":{"line":345,"column":null}},"89":{"start":{"line":338,"column":16},"end":{"line":338,"column":null}},"90":{"start":{"line":339,"column":19},"end":{"line":345,"column":null}},"91":{"start":{"line":340,"column":16},"end":{"line":340,"column":null}},"92":{"start":{"line":341,"column":19},"end":{"line":345,"column":null}},"93":{"start":{"line":342,"column":16},"end":{"line":342,"column":null}},"94":{"start":{"line":344,"column":16},"end":{"line":344,"column":null}},"95":{"start":{"line":349,"column":8},"end":{"line":349,"column":null}},"96":{"start":{"line":352,"column":8},"end":{"line":352,"column":null}},"97":{"start":{"line":353,"column":8},"end":{"line":353,"column":null}},"98":{"start":{"line":365,"column":4},"end":{"line":365,"column":null}},"99":{"start":{"line":364,"column":0},"end":{"line":364,"column":16}},"100":{"start":{"line":375,"column":4},"end":{"line":375,"column":null}},"101":{"start":{"line":374,"column":0},"end":{"line":374,"column":16}}},"fnMap":{"0":{"name":"(anonymous_1)","decl":{"start":{"line":7,"column":68},"end":{"line":7,"column":69}},"loc":{"start":{"line":7,"column":73},"end":{"line":7,"column":99}}},"1":{"name":"LOG10","decl":{"start":{"line":15,"column":9},"end":{"line":15,"column":14}},"loc":{"start":{"line":15,"column":24},"end":{"line":17,"column":1}}},"2":{"name":"(anonymous_3)","decl":{"start":{"line":26,"column":4},"end":{"line":26,"column":16}},"loc":{"start":{"line":26,"column":36},"end":{"line":33,"column":5}}},"3":{"name":"(anonymous_4)","decl":{"start":{"line":35,"column":4},"end":{"line":35,"column":10}},"loc":{"start":{"line":35,"column":65},"end":{"line":37,"column":5}}},"4":{"name":"(anonymous_5)","decl":{"start":{"line":42,"column":4},"end":{"line":42,"column":12}},"loc":{"start":{"line":42,"column":12},"end":{"line":44,"column":5}}},"5":{"name":"(anonymous_6)","decl":{"start":{"line":51,"column":14},"end":{"line":51,"column":22}},"loc":{"start":{"line":51,"column":39},"end":{"line":58,"column":5}}},"6":{"name":"(anonymous_7)","decl":{"start":{"line":76,"column":14},"end":{"line":76,"column":21}},"loc":{"start":{"line":76,"column":79},"end":{"line":78,"column":5}}},"7":{"name":"(anonymous_8)","decl":{"start":{"line":102,"column":4},"end":{"line":102,"column":16}},"loc":{"start":{"line":102,"column":29},"end":{"line":112,"column":5}}},"8":{"name":"(anonymous_9)","decl":{"start":{"line":105,"column":22},"end":{"line":105,"column":23}},"loc":{"start":{"line":105,"column":27},"end":{"line":105,"column":39}}},"9":{"name":"(anonymous_10)","decl":{"start":{"line":106,"column":21},"end":{"line":106,"column":22}},"loc":{"start":{"line":106,"column":26},"end":{"line":106,"column":38}}},"10":{"name":"(anonymous_11)","decl":{"start":{"line":108,"column":25},"end":{"line":108,"column":26}},"loc":{"start":{"line":108,"column":30},"end":{"line":108,"column":42}}},"11":{"name":"(anonymous_12)","decl":{"start":{"line":109,"column":25},"end":{"line":109,"column":26}},"loc":{"start":{"line":109,"column":30},"end":{"line":109,"column":42}}},"12":{"name":"(anonymous_13)","decl":{"start":{"line":117,"column":4},"end":{"line":117,"column":15}},"loc":{"start":{"line":117,"column":20},"end":{"line":119,"column":5}}},"13":{"name":"(anonymous_14)","decl":{"start":{"line":124,"column":4},"end":{"line":124,"column":15}},"loc":{"start":{"line":124,"column":18},"end":{"line":126,"column":5}}},"14":{"name":"(anonymous_15)","decl":{"start":{"line":131,"column":4},"end":{"line":131,"column":15}},"loc":{"start":{"line":131,"column":24},"end":{"line":133,"column":5}}},"15":{"name":"(anonymous_16)","decl":{"start":{"line":138,"column":4},"end":{"line":138,"column":15}},"loc":{"start":{"line":138,"column":30},"end":{"line":140,"column":5}}},"16":{"name":"(anonymous_17)","decl":{"start":{"line":145,"column":4},"end":{"line":145,"column":15}},"loc":{"start":{"line":145,"column":20},"end":{"line":147,"column":5}}},"17":{"name":"(anonymous_18)","decl":{"start":{"line":152,"column":4},"end":{"line":152,"column":15}},"loc":{"start":{"line":152,"column":19},"end":{"line":154,"column":5}}},"18":{"name":"(anonymous_19)","decl":{"start":{"line":159,"column":4},"end":{"line":159,"column":15}},"loc":{"start":{"line":159,"column":24},"end":{"line":161,"column":5}}},"19":{"name":"(anonymous_20)","decl":{"start":{"line":166,"column":4},"end":{"line":166,"column":15}},"loc":{"start":{"line":166,"column":23},"end":{"line":168,"column":5}}},"20":{"name":"(anonymous_21)","decl":{"start":{"line":173,"column":4},"end":{"line":173,"column":15}},"loc":{"start":{"line":173,"column":23},"end":{"line":175,"column":5}}},"21":{"name":"(anonymous_22)","decl":{"start":{"line":182,"column":11},"end":{"line":182,"column":18}},"loc":{"start":{"line":182,"column":30},"end":{"line":185,"column":5}}},"22":{"name":"(anonymous_23)","decl":{"start":{"line":192,"column":11},"end":{"line":192,"column":24}},"loc":{"start":{"line":192,"column":42},"end":{"line":195,"column":5}}},"23":{"name":"(anonymous_24)","decl":{"start":{"line":202,"column":11},"end":{"line":202,"column":30}},"loc":{"start":{"line":202,"column":49},"end":{"line":205,"column":5}}},"24":{"name":"(anonymous_25)","decl":{"start":{"line":212,"column":11},"end":{"line":212,"column":20}},"loc":{"start":{"line":212,"column":41},"end":{"line":215,"column":5}}},"25":{"name":"(anonymous_26)","decl":{"start":{"line":222,"column":11},"end":{"line":222,"column":19}},"loc":{"start":{"line":222,"column":39},"end":{"line":225,"column":5}}},"26":{"name":"(anonymous_27)","decl":{"start":{"line":232,"column":11},"end":{"line":232,"column":24}},"loc":{"start":{"line":232,"column":49},"end":{"line":235,"column":5}}},"27":{"name":"(anonymous_28)","decl":{"start":{"line":242,"column":11},"end":{"line":242,"column":23}},"loc":{"start":{"line":242,"column":47},"end":{"line":245,"column":5}}},"28":{"name":"(anonymous_29)","decl":{"start":{"line":252,"column":11},"end":{"line":252,"column":23}},"loc":{"start":{"line":252,"column":47},"end":{"line":255,"column":5}}},"29":{"name":"(anonymous_30)","decl":{"start":{"line":261,"column":4},"end":{"line":261,"column":9}},"loc":{"start":{"line":261,"column":9},"end":{"line":263,"column":5}}},"30":{"name":"(anonymous_31)","decl":{"start":{"line":286,"column":4},"end":{"line":286,"column":16}},"loc":{"start":{"line":286,"column":42},"end":{"line":300,"column":5}}},"31":{"name":"(anonymous_32)","decl":{"start":{"line":302,"column":12},"end":{"line":302,"column":24}},"loc":{"start":{"line":302,"column":24},"end":{"line":304,"column":5}}},"32":{"name":"(anonymous_33)","decl":{"start":{"line":306,"column":14},"end":{"line":306,"column":21}},"loc":{"start":{"line":306,"column":76},"end":{"line":354,"column":5}}},"33":{"name":"fixedLimit","decl":{"start":{"line":364,"column":16},"end":{"line":364,"column":26}},"loc":{"start":{"line":364,"column":40},"end":{"line":366,"column":1}}},"34":{"name":"vegasBuilder","decl":{"start":{"line":374,"column":16},"end":{"line":374,"column":28}},"loc":{"start":{"line":374,"column":42},"end":{"line":376,"column":1}}}},"branchMap":{"0":{"loc":{"start":{"line":16,"column":11},"end":{"line":16,"column":55}},"type":"cond-expr","locations":[{"start":{"line":16,"column":22},"end":{"line":16,"column":39}},{"start":{"line":16,"column":42},"end":{"line":16,"column":55}}]},"1":{"loc":{"start":{"line":27,"column":8},"end":{"line":29,"column":null}},"type":"if","locations":[{"start":{"line":27,"column":8},"end":{"line":29,"column":null}}]},"2":{"loc":{"start":{"line":54,"column":8},"end":{"line":57,"column":null}},"type":"if","locations":[{"start":{"line":54,"column":8},"end":{"line":57,"column":null}}]},"3":{"loc":{"start":{"line":310,"column":8},"end":{"line":315,"column":null}},"type":"if","locations":[{"start":{"line":310,"column":8},"end":{"line":315,"column":null}}]},"4":{"loc":{"start":{"line":318,"column":8},"end":{"line":321,"column":null}},"type":"if","locations":[{"start":{"line":318,"column":8},"end":{"line":321,"column":null}}]},"5":{"loc":{"start":{"line":318,"column":12},"end":{"line":318,"column":58}},"type":"binary-expr","locations":[{"start":{"line":318,"column":12},"end":{"line":318,"column":33}},{"start":{"line":318,"column":37},"end":{"line":318,"column":58}}]},"6":{"loc":{"start":{"line":327,"column":8},"end":{"line":346,"column":null}},"type":"if","locations":[{"start":{"line":327,"column":8},"end":{"line":346,"column":null}},{"start":{"line":329,"column":15},"end":{"line":346,"column":null}}]},"7":{"loc":{"start":{"line":329,"column":15},"end":{"line":346,"column":null}},"type":"if","locations":[{"start":{"line":329,"column":15},"end":{"line":346,"column":null}},{"start":{"line":331,"column":15},"end":{"line":346,"column":null}}]},"8":{"loc":{"start":{"line":337,"column":12},"end":{"line":345,"column":null}},"type":"if","locations":[{"start":{"line":337,"column":12},"end":{"line":345,"column":null}},{"start":{"line":339,"column":19},"end":{"line":345,"column":null}}]},"9":{"loc":{"start":{"line":339,"column":19},"end":{"line":345,"column":null}},"type":"if","locations":[{"start":{"line":339,"column":19},"end":{"line":345,"column":null}},{"start":{"line":341,"column":19},"end":{"line":345,"column":null}}]},"10":{"loc":{"start":{"line":341,"column":19},"end":{"line":345,"column":null}},"type":"if","locations":[{"start":{"line":341,"column":19},"end":{"line":345,"column":null}},{"start":{"line":343,"column":19},"end":{"line":345,"column":null}}]}},"s":{"0":2,"1":2,"2":2,"3":2000,"4":2562,"5":2,"6":0,"7":2,"8":2,"9":1719,"10":4,"11":1719,"12":246,"13":246,"14":4,"15":1,"16":1,"17":1,"18":772,"19":1,"20":772,"21":1,"22":1,"23":91,"24":1,"25":155,"26":1,"27":1,"28":2,"29":1,"30":1,"31":1,"32":1,"33":1,"34":1,"35":1,"36":1,"37":1,"38":1,"39":0,"40":0,"41":0,"42":0,"43":0,"44":0,"45":0,"46":0,"47":0,"48":0,"49":0,"50":0,"51":0,"52":0,"53":1,"54":2,"55":1,"56":1,"57":1,"58":1,"59":1,"60":1,"61":1,"62":1,"63":1,"64":1,"65":1,"66":1,"67":1,"68":1,"69":1,"70":12,"71":1715,"72":1715,"73":11,"74":11,"75":11,"76":11,"77":1704,"78":37,"79":37,"80":1667,"81":1667,"82":132,"83":1535,"84":763,"85":772,"86":772,"87":772,"88":772,"89":282,"90":490,"91":91,"92":399,"93":23,"94":376,"95":528,"96":528,"97":528,"98":1,"99":2,"100":1,"101":2},"f":{"0":2000,"1":2562,"2":2,"3":1719,"4":4,"5":1719,"6":4,"7":1,"8":772,"9":772,"10":91,"11":155,"12":2,"13":1,"14":1,"15":1,"16":1,"17":1,"18":1,"19":1,"20":1,"21":1,"22":0,"23":0,"24":0,"25":0,"26":0,"27":0,"28":0,"29":1,"30":1,"31":12,"32":1715,"33":1,"34":1},"b":{"0":[2562,0],"1":[0],"2":[246],"3":[11],"4":[37],"5":[1704,1703],"6":[132,1535],"7":[763,772],"8":[282,490],"9":[91,399],"10":[23,376]}}
,"C:\\Users\\NathanNorthcutt\\Code\\github\\telefrek\\granada\\packages\\core\\concurrency\\limits\\index.ts": {"path":"C:\\Users\\NathanNorthcutt\\Code\\github\\telefrek\\granada\\packages\\core\\concurrency\\limits\\index.ts","statementMap":{"0":{"start":{"line":8,"column":0},"end":{"line":8,"column":42}},"1":{"start":{"line":9,"column":0},"end":{"line":9,"column":43}},"2":{"start":{"line":78,"column":4},"end":{"line":78,"column":null}},"3":{"start":{"line":77,"column":0},"end":{"line":77,"column":16}}},"fnMap":{"0":{"name":"createSimpleLimiter","decl":{"start":{"line":77,"column":16},"end":{"line":77,"column":35}},"loc":{"start":{"line":77,"column":108},"end":{"line":79,"column":1}}}},"branchMap":{"0":{"loc":{"start":{"line":77,"column":36},"end":{"line":77,"column":82}},"type":"default-arg","locations":[{"start":{"line":77,"column":69},"end":{"line":77,"column":82}}]},"1":{"loc":{"start":{"line":77,"column":84},"end":{"line":77,"column":108}},"type":"default-arg","locations":[{"start":{"line":77,"column":107},"end":{"line":77,"column":108}}]}},"s":{"0":2,"1":2,"2":2,"3":2},"f":{"0":2},"b":{"0":[1],"1":[2]}}
,"C:\\Users\\NathanNorthcutt\\Code\\github\\telefrek\\granada\\packages\\core\\concurrency\\limits\\limiters.ts": {"path":"C:\\Users\\NathanNorthcutt\\Code\\github\\telefrek\\granada\\packages\\core\\concurrency\\limits\\limiters.ts","statementMap":{"0":{"start":{"line":2,"column":0},"end":{"line":2,"column":34}},"1":{"start":{"line":3,"column":0},"end":{"line":3,"column":41}},"2":{"start":{"line":22,"column":8},"end":{"line":24,"column":null}},"3":{"start":{"line":23,"column":12},"end":{"line":23,"column":null}},"4":{"start":{"line":26,"column":8},"end":{"line":26,"column":null}},"5":{"start":{"line":27,"column":8},"end":{"line":27,"column":null}},"6":{"start":{"line":28,"column":8},"end":{"line":28,"column":null}},"7":{"start":{"line":30,"column":8},"end":{"line":30,"column":null}},"8":{"start":{"line":37,"column":8},"end":{"line":37,"column":null}},"9":{"start":{"line":41,"column":8},"end":{"line":41,"column":14}},"10":{"start":{"line":50,"column":8},"end":{"line":50,"column":null}},"11":{"start":{"line":59,"column":8},"end":{"line":59,"column":null}},"12":{"start":{"line":65,"column":29},"end":{"line":111,"column":null}},"13":{"start":{"line":78,"column":12},"end":{"line":78,"column":null}},"14":{"start":{"line":79,"column":12},"end":{"line":79,"column":null}},"15":{"start":{"line":80,"column":12},"end":{"line":80,"column":null}},"16":{"start":{"line":81,"column":12},"end":{"line":81,"column":null}},"17":{"start":{"line":82,"column":12},"end":{"line":82,"column":null}},"18":{"start":{"line":86,"column":12},"end":{"line":86,"column":null}},"19":{"start":{"line":87,"column":12},"end":{"line":87,"column":null}},"20":{"start":{"line":91,"column":12},"end":{"line":91,"column":null}},"21":{"start":{"line":95,"column":12},"end":{"line":95,"column":null}},"22":{"start":{"line":96,"column":12},"end":{"line":96,"column":null}},"23":{"start":{"line":104,"column":12},"end":{"line":109,"column":null}},"24":{"start":{"line":105,"column":16},"end":{"line":105,"column":null}},"25":{"start":{"line":106,"column":16},"end":{"line":106,"column":null}},"26":{"start":{"line":108,"column":16},"end":{"line":108,"column":null}},"27":{"start":{"line":128,"column":8},"end":{"line":128,"column":null}},"28":{"start":{"line":130,"column":8},"end":{"line":130,"column":null}},"29":{"start":{"line":136,"column":8},"end":{"line":138,"column":null}},"30":{"start":{"line":137,"column":12},"end":{"line":137,"column":null}},"31":{"start":{"line":144,"column":8},"end":{"line":144,"column":null}},"32":{"start":{"line":147,"column":8},"end":{"line":147,"column":null}},"33":{"start":{"line":153,"column":29},"end":{"line":183,"column":null}},"34":{"start":{"line":164,"column":12},"end":{"line":164,"column":null}},"35":{"start":{"line":165,"column":12},"end":{"line":165,"column":null}},"36":{"start":{"line":169,"column":12},"end":{"line":169,"column":null}},"37":{"start":{"line":170,"column":12},"end":{"line":170,"column":null}},"38":{"start":{"line":174,"column":12},"end":{"line":174,"column":null}},"39":{"start":{"line":175,"column":12},"end":{"line":175,"column":null}},"40":{"start":{"line":179,"column":12},"end":{"line":179,"column":null}},"41":{"start":{"line":180,"column":12},"end":{"line":180,"column":null}},"42":{"start":{"line":194,"column":4},"end":{"line":194,"column":null}},"43":{"start":{"line":193,"column":0},"end":{"line":193,"column":16}}},"fnMap":{"0":{"name":"(anonymous_0)","decl":{"start":{"line":20,"column":4},"end":{"line":20,"column":16}},"loc":{"start":{"line":20,"column":68},"end":{"line":31,"column":5}}},"1":{"name":"(anonymous_1)","decl":{"start":{"line":36,"column":4},"end":{"line":36,"column":12}},"loc":{"start":{"line":36,"column":12},"end":{"line":38,"column":5}}},"2":{"name":"(anonymous_2)","decl":{"start":{"line":40,"column":4},"end":{"line":40,"column":14}},"loc":{"start":{"line":40,"column":14},"end":{"line":42,"column":5}}},"3":{"name":"(anonymous_3)","decl":{"start":{"line":49,"column":14},"end":{"line":49,"column":22}},"loc":{"start":{"line":49,"column":39},"end":{"line":51,"column":5}}},"4":{"name":"(anonymous_4)","decl":{"start":{"line":58,"column":14},"end":{"line":58,"column":29}},"loc":{"start":{"line":58,"column":29},"end":{"line":60,"column":5}}},"5":{"name":"(anonymous_5)","decl":{"start":{"line":77,"column":8},"end":{"line":77,"column":20}},"loc":{"start":{"line":77,"column":44},"end":{"line":83,"column":9}}},"6":{"name":"(anonymous_6)","decl":{"start":{"line":85,"column":8},"end":{"line":85,"column":15}},"loc":{"start":{"line":85,"column":15},"end":{"line":88,"column":9}}},"7":{"name":"(anonymous_7)","decl":{"start":{"line":90,"column":8},"end":{"line":90,"column":14}},"loc":{"start":{"line":90,"column":14},"end":{"line":92,"column":9}}},"8":{"name":"(anonymous_8)","decl":{"start":{"line":94,"column":8},"end":{"line":94,"column":15}},"loc":{"start":{"line":94,"column":15},"end":{"line":97,"column":9}}},"9":{"name":"(anonymous_9)","decl":{"start":{"line":127,"column":4},"end":{"line":127,"column":16}},"loc":{"start":{"line":127,"column":72},"end":{"line":131,"column":5}}},"10":{"name":"(anonymous_10)","decl":{"start":{"line":133,"column":13},"end":{"line":133,"column":23}},"loc":{"start":{"line":133,"column":23},"end":{"line":139,"column":5}}},"11":{"name":"(anonymous_11)","decl":{"start":{"line":141,"column":23},"end":{"line":141,"column":31}},"loc":{"start":{"line":141,"column":48},"end":{"line":148,"column":5}}},"12":{"name":"(anonymous_12)","decl":{"start":{"line":163,"column":8},"end":{"line":163,"column":20}},"loc":{"start":{"line":163,"column":68},"end":{"line":166,"column":9}}},"13":{"name":"(anonymous_13)","decl":{"start":{"line":168,"column":8},"end":{"line":168,"column":15}},"loc":{"start":{"line":168,"column":15},"end":{"line":171,"column":9}}},"14":{"name":"(anonymous_14)","decl":{"start":{"line":173,"column":8},"end":{"line":173,"column":14}},"loc":{"start":{"line":173,"column":14},"end":{"line":176,"column":9}}},"15":{"name":"(anonymous_15)","decl":{"start":{"line":178,"column":8},"end":{"line":178,"column":15}},"loc":{"start":{"line":178,"column":15},"end":{"line":181,"column":9}}},"16":{"name":"simpleLimiter","decl":{"start":{"line":193,"column":16},"end":{"line":193,"column":29}},"loc":{"start":{"line":193,"column":86},"end":{"line":195,"column":1}}}},"branchMap":{"0":{"loc":{"start":{"line":22,"column":8},"end":{"line":24,"column":null}},"type":"if","locations":[{"start":{"line":22,"column":8},"end":{"line":24,"column":null}}]},"1":{"loc":{"start":{"line":104,"column":12},"end":{"line":109,"column":null}},"type":"if","locations":[{"start":{"line":104,"column":12},"end":{"line":109,"column":null}},{"start":{"line":107,"column":19},"end":{"line":109,"column":null}}]},"2":{"loc":{"start":{"line":127,"column":48},"end":{"line":127,"column":72}},"type":"default-arg","locations":[{"start":{"line":127,"column":71},"end":{"line":127,"column":72}}]},"3":{"loc":{"start":{"line":136,"column":8},"end":{"line":138,"column":null}},"type":"if","locations":[{"start":{"line":136,"column":8},"end":{"line":138,"column":null}}]},"4":{"loc":{"start":{"line":193,"column":62},"end":{"line":193,"column":86}},"type":"default-arg","locations":[{"start":{"line":193,"column":85},"end":{"line":193,"column":86}}]}},"s":{"0":2,"1":2,"2":2,"3":0,"4":2,"5":2,"6":2,"7":2,"8":0,"9":0,"10":246,"11":1720,"12":2,"13":1720,"14":1720,"15":1720,"16":1720,"17":1720,"18":1585,"19":1585,"20":1,"21":134,"22":134,"23":1720,"24":1720,"25":1720,"26":0,"27":2,"28":2,"29":3275,"30":1720,"31":246,"32":246,"33":2,"34":1720,"35":1720,"36":1586,"37":1585,"38":2,"39":1,"40":135,"41":134,"42":2,"43":2},"f":{"0":2,"1":0,"2":0,"3":246,"4":1720,"5":1720,"6":1585,"7":1,"8":134,"9":2,"10":3275,"11":246,"12":1720,"13":1586,"14":2,"15":135,"16":2},"b":{"0":[0],"1":[1720,0],"2":[0],"3":[1720],"4":[0]}}
,"C:\\Users\\NathanNorthcutt\\Code\\github\\telefrek\\granada\\packages\\core\\lifecycle\\index.ts": {"path":"C:\\Users\\NathanNorthcutt\\Code\\github\\telefrek\\granada\\packages\\core\\lifecycle\\index.ts","statementMap":{"0":{"start":{"line":37,"column":4},"end":{"line":37,"column":null}},"1":{"start":{"line":36,"column":0},"end":{"line":36,"column":16}},"2":{"start":{"line":41,"column":36},"end":{"line":41,"column":38}},"3":{"start":{"line":44,"column":17},"end":{"line":47,"column":1}},"4":{"start":{"line":46,"column":4},"end":{"line":46,"column":null}},"5":{"start":{"line":46,"column":25},"end":{"line":46,"column":28}},"6":{"start":{"line":50,"column":0},"end":{"line":50,"column":null}},"7":{"start":{"line":53,"column":0},"end":{"line":53,"column":null}}},"fnMap":{"0":{"name":"registerShutdown","decl":{"start":{"line":36,"column":16},"end":{"line":36,"column":32}},"loc":{"start":{"line":36,"column":51},"end":{"line":38,"column":1}}},"1":{"name":"(anonymous_1)","decl":{"start":{"line":44,"column":17},"end":{"line":44,"column":19}},"loc":{"start":{"line":44,"column":21},"end":{"line":47,"column":1}}},"2":{"name":"(anonymous_2)","decl":{"start":{"line":46,"column":22},"end":{"line":46,"column":23}},"loc":{"start":{"line":46,"column":25},"end":{"line":46,"column":28}}}},"branchMap":{},"s":{"0":1,"1":1,"2":1,"3":1,"4":0,"5":0,"6":1,"7":1},"f":{"0":1,"1":0,"2":0},"b":{}}
,"C:\\Users\\NathanNorthcutt\\Code\\github\\telefrek\\granada\\packages\\core\\time\\index.ts": {"path":"C:\\Users\\NathanNorthcutt\\Code\\github\\telefrek\\granada\\packages\\core\\time\\index.ts","statementMap":{"0":{"start":{"line":12,"column":4},"end":{"line":12,"column":null}},"1":{"start":{"line":12,"column":34},"end":{"line":12,"column":67}},"2":{"start":{"line":11,"column":0},"end":{"line":11,"column":16}},"3":{"start":{"line":21,"column":23},"end":{"line":21,"column":28}},"4":{"start":{"line":22,"column":22},"end":{"line":22,"column":24}},"5":{"start":{"line":23,"column":22},"end":{"line":23,"column":24}},"6":{"start":{"line":29,"column":8},"end":{"line":32,"column":null}},"7":{"start":{"line":30,"column":12},"end":{"line":30,"column":null}},"8":{"start":{"line":31,"column":12},"end":{"line":31,"column":null}},"9":{"start":{"line":41,"column":8},"end":{"line":51,"column":null}},"10":{"start":{"line":42,"column":12},"end":{"line":42,"column":null}},"11":{"start":{"line":43,"column":12},"end":{"line":43,"column":null}},"12":{"start":{"line":44,"column":12},"end":{"line":50,"column":null}},"13":{"start":{"line":45,"column":16},"end":{"line":45,"column":null}},"14":{"start":{"line":48,"column":16},"end":{"line":48,"column":null}},"15":{"start":{"line":49,"column":16},"end":{"line":49,"column":null}},"16":{"start":{"line":53,"column":8},"end":{"line":53,"column":null}},"17":{"start":{"line":62,"column":8},"end":{"line":62,"column":null}},"18":{"start":{"line":19,"column":0},"end":{"line":19,"column":13}},"19":{"start":{"line":67,"column":24},"end":{"line":67,"column":38}},"20":{"start":{"line":68,"column":25},"end":{"line":68,"column":34}},"21":{"start":{"line":69,"column":24},"end":{"line":69,"column":29}},"22":{"start":{"line":78,"column":8},"end":{"line":78,"column":null}},"23":{"start":{"line":86,"column":8},"end":{"line":86,"column":null}},"24":{"start":{"line":94,"column":8},"end":{"line":94,"column":null}},"25":{"start":{"line":102,"column":8},"end":{"line":102,"column":null}},"26":{"start":{"line":112,"column":8},"end":{"line":112,"column":null}},"27":{"start":{"line":122,"column":8},"end":{"line":122,"column":null}},"28":{"start":{"line":128,"column":28},"end":{"line":128,"column":49}},"29":{"start":{"line":74,"column":0},"end":{"line":74,"column":13}}},"fnMap":{"0":{"name":"delay","decl":{"start":{"line":11,"column":16},"end":{"line":11,"column":21}},"loc":{"start":{"line":11,"column":42},"end":{"line":13,"column":1}}},"1":{"name":"(anonymous_1)","decl":{"start":{"line":12,"column":23},"end":{"line":12,"column":30}},"loc":{"start":{"line":12,"column":34},"end":{"line":12,"column":67}}},"2":{"name":"(anonymous_2)","decl":{"start":{"line":28,"column":4},"end":{"line":28,"column":9}},"loc":{"start":{"line":28,"column":9},"end":{"line":33,"column":5}}},"3":{"name":"(anonymous_3)","decl":{"start":{"line":40,"column":4},"end":{"line":40,"column":8}},"loc":{"start":{"line":40,"column":8},"end":{"line":54,"column":5}}},"4":{"name":"(anonymous_4)","decl":{"start":{"line":61,"column":4},"end":{"line":61,"column":11}},"loc":{"start":{"line":61,"column":11},"end":{"line":63,"column":5}}},"5":{"name":"(anonymous_5)","decl":{"start":{"line":77,"column":4},"end":{"line":77,"column":24}},"loc":{"start":{"line":77,"column":43},"end":{"line":79,"column":5}}},"6":{"name":"(anonymous_6)","decl":{"start":{"line":85,"column":11},"end":{"line":85,"column":18}},"loc":{"start":{"line":85,"column":18},"end":{"line":87,"column":5}}},"7":{"name":"(anonymous_7)","decl":{"start":{"line":93,"column":11},"end":{"line":93,"column":23}},"loc":{"start":{"line":93,"column":23},"end":{"line":95,"column":5}}},"8":{"name":"(anonymous_8)","decl":{"start":{"line":101,"column":11},"end":{"line":101,"column":23}},"loc":{"start":{"line":101,"column":23},"end":{"line":103,"column":5}}},"9":{"name":"(anonymous_9)","decl":{"start":{"line":111,"column":4},"end":{"line":111,"column":10}},"loc":{"start":{"line":111,"column":39},"end":{"line":113,"column":5}}},"10":{"name":"(anonymous_10)","decl":{"start":{"line":121,"column":4},"end":{"line":121,"column":10}},"loc":{"start":{"line":121,"column":40},"end":{"line":123,"column":5}}}},"branchMap":{"0":{"loc":{"start":{"line":29,"column":8},"end":{"line":32,"column":null}},"type":"if","locations":[{"start":{"line":29,"column":8},"end":{"line":32,"column":null}}]},"1":{"loc":{"start":{"line":41,"column":8},"end":{"line":51,"column":null}},"type":"if","locations":[{"start":{"line":41,"column":8},"end":{"line":51,"column":null}}]},"2":{"loc":{"start":{"line":62,"column":15},"end":{"line":62,"column":103}},"type":"cond-expr","locations":[{"start":{"line":62,"column":30},"end":{"line":62,"column":87}},{"start":{"line":62,"column":90},"end":{"line":62,"column":103}}]}},"s":{"0":1714,"1":1714,"2":3,"3":1721,"4":1721,"5":1721,"6":1721,"7":1721,"8":1721,"9":1721,"10":1720,"11":1720,"12":1720,"13":1720,"14":1720,"15":1720,"16":1,"17":3,"18":3,"19":3,"20":3,"21":3,"22":1727,"23":3,"24":3,"25":1721,"26":1726,"27":1,"28":3,"29":3},"f":{"0":1714,"1":1714,"2":1721,"3":1721,"4":3,"5":1727,"6":3,"7":3,"8":1721,"9":1726,"10":1},"b":{"0":[1721],"1":[1720],"2":[2,1]}}
,"C:\\Users\\NathanNorthcutt\\Code\\github\\telefrek\\granada\\packages\\http\\core.ts": {"path":"C:\\Users\\NathanNorthcutt\\Code\\github\\telefrek\\granada\\packages\\http\\core.ts","statementMap":{"0":{"start":{"line":12,"column":4},"end":{"line":12,"column":null}},"1":{"start":{"line":11,"column":0},"end":{"line":11,"column":16}},"2":{"start":{"line":20,"column":4},"end":{"line":20,"column":null}},"3":{"start":{"line":19,"column":0},"end":{"line":19,"column":16}},"4":{"start":{"line":26,"column":0},"end":{"line":26,"column":null}},"5":{"start":{"line":27,"column":4},"end":{"line":27,"column":null}},"6":{"start":{"line":28,"column":4},"end":{"line":28,"column":null}},"7":{"start":{"line":29,"column":4},"end":{"line":29,"column":null}},"8":{"start":{"line":30,"column":4},"end":{"line":30,"column":null}},"9":{"start":{"line":31,"column":4},"end":{"line":31,"column":null}},"10":{"start":{"line":32,"column":4},"end":{"line":32,"column":null}},"11":{"start":{"line":38,"column":13},"end":{"line":38,"column":null}},"12":{"start":{"line":43,"column":0},"end":{"line":43,"column":null}},"13":{"start":{"line":44,"column":4},"end":{"line":44,"column":null}},"14":{"start":{"line":45,"column":4},"end":{"line":45,"column":null}},"15":{"start":{"line":59,"column":4},"end":{"line":59,"column":null}},"16":{"start":{"line":58,"column":0},"end":{"line":58,"column":16}},"17":{"start":{"line":72,"column":46},"end":{"line":72,"column":98}},"18":{"start":{"line":72,"column":52},"end":{"line":72,"column":98}},"19":{"start":{"line":72,"column":13},"end":{"line":72,"column":46}},"20":{"start":{"line":148,"column":30},"end":{"line":148,"column":33}},"21":{"start":{"line":149,"column":36},"end":{"line":149,"column":50}},"22":{"start":{"line":150,"column":32},"end":{"line":150,"column":37}},"23":{"start":{"line":151,"column":43},"end":{"line":151,"column":50}},"24":{"start":{"line":159,"column":36},"end":{"line":159,"column":50}},"25":{"start":{"line":160,"column":32},"end":{"line":160,"column":37}},"26":{"start":{"line":161,"column":49},"end":{"line":161,"column":56}},"27":{"start":{"line":164,"column":8},"end":{"line":164,"column":null}}},"fnMap":{"0":{"name":"httpError","decl":{"start":{"line":11,"column":16},"end":{"line":11,"column":25}},"loc":{"start":{"line":11,"column":46},"end":{"line":13,"column":1}}},"1":{"name":"noContent","decl":{"start":{"line":19,"column":16},"end":{"line":19,"column":25}},"loc":{"start":{"line":19,"column":25},"end":{"line":21,"column":1}}},"2":{"name":"(anonymous_2)","decl":{"start":{"line":26,"column":0},"end":{"line":26,"column":12}},"loc":{"start":{"line":26,"column":22},"end":{"line":33,"column":1}}},"3":{"name":"(anonymous_3)","decl":{"start":{"line":43,"column":0},"end":{"line":43,"column":12}},"loc":{"start":{"line":43,"column":23},"end":{"line":46,"column":1}}},"4":{"name":"emptyHeaders","decl":{"start":{"line":58,"column":16},"end":{"line":58,"column":28}},"loc":{"start":{"line":58,"column":28},"end":{"line":60,"column":1}}},"5":{"name":"(anonymous_5)","decl":{"start":{"line":72,"column":46},"end":{"line":72,"column":49}},"loc":{"start":{"line":72,"column":52},"end":{"line":72,"column":98}}},"6":{"name":"(anonymous_6)","decl":{"start":{"line":163,"column":4},"end":{"line":163,"column":16}},"loc":{"start":{"line":163,"column":30},"end":{"line":165,"column":5}}}},"branchMap":{"0":{"loc":{"start":{"line":11,"column":26},"end":{"line":11,"column":46}},"type":"default-arg","locations":[{"start":{"line":11,"column":43},"end":{"line":11,"column":46}}]},"1":{"loc":{"start":{"line":26,"column":12},"end":{"line":26,"column":null}},"type":"binary-expr","locations":[{"start":{"line":26,"column":12},"end":{"line":26,"column":22}},{"start":{"line":26,"column":22},"end":{"line":26,"column":null}}]},"2":{"loc":{"start":{"line":43,"column":12},"end":{"line":43,"column":null}},"type":"binary-expr","locations":[{"start":{"line":43,"column":12},"end":{"line":43,"column":23}},{"start":{"line":43,"column":23},"end":{"line":43,"column":null}}]}},"s":{"0":1,"1":2,"2":0,"3":2,"4":2,"5":2,"6":2,"7":2,"8":2,"9":2,"10":2,"11":2,"12":2,"13":2,"14":2,"15":10,"16":2,"17":2,"18":0,"19":2,"20":0,"21":0,"22":0,"23":0,"24":1,"25":1,"26":1,"27":1},"f":{"0":1,"1":0,"2":2,"3":2,"4":10,"5":0,"6":1},"b":{"0":[0],"1":[2,2],"2":[2,2]}}
,"C:\\Users\\NathanNorthcutt\\Code\\github\\telefrek\\granada\\packages\\http\\index.ts": {"path":"C:\\Users\\NathanNorthcutt\\Code\\github\\telefrek\\granada\\packages\\http\\index.ts","statementMap":{"0":{"start":{"line":5,"column":0},"end":{"line":5,"column":29}},"1":{"start":{"line":6,"column":0},"end":{"line":6,"column":22}},"2":{"start":{"line":7,"column":0},"end":{"line":7,"column":25}},"3":{"start":{"line":8,"column":0},"end":{"line":8,"column":24}}},"fnMap":{},"branchMap":{},"s":{"0":1,"1":1,"2":1,"3":1},"f":{},"b":{}}
,"C:\\Users\\NathanNorthcutt\\Code\\github\\telefrek\\granada\\packages\\http\\server.ts": {"path":"C:\\Users\\NathanNorthcutt\\Code\\github\\telefrek\\granada\\packages\\http\\server.ts","statementMap":{"0":{"start":{"line":5,"column":0},"end":{"line":5,"column":70}},"1":{"start":{"line":6,"column":0},"end":{"line":6,"column":73}},"2":{"start":{"line":8,"column":0},"end":{"line":8,"column":77}},"3":{"start":{"line":9,"column":0},"end":{"line":9,"column":34}},"4":{"start":{"line":10,"column":0},"end":{"line":10,"column":31}},"5":{"start":{"line":11,"column":0},"end":{"line":11,"column":133}},"6":{"start":{"line":12,"column":0},"end":{"line":12,"column":68}},"7":{"start":{"line":109,"column":4},"end":{"line":109,"column":null}},"8":{"start":{"line":108,"column":0},"end":{"line":108,"column":16}},"9":{"start":{"line":117,"column":41},"end":{"line":117,"column":43}},"10":{"start":{"line":118,"column":21},"end":{"line":118,"column":35}},"11":{"start":{"line":122,"column":8},"end":{"line":125,"column":null}},"12":{"start":{"line":127,"column":8},"end":{"line":127,"column":null}},"13":{"start":{"line":131,"column":8},"end":{"line":131,"column":null}},"14":{"start":{"line":133,"column":8},"end":{"line":133,"column":null}},"15":{"start":{"line":137,"column":8},"end":{"line":137,"column":null}},"16":{"start":{"line":148,"column":36},"end":{"line":148,"column":38}},"17":{"start":{"line":149,"column":14},"end":{"line":149,"column":51}},"18":{"start":{"line":152,"column":8},"end":{"line":152,"column":null}},"19":{"start":{"line":153,"column":8},"end":{"line":153,"column":null}},"20":{"start":{"line":154,"column":8},"end":{"line":154,"column":null}},"21":{"start":{"line":157,"column":8},"end":{"line":157,"column":null}},"22":{"start":{"line":160,"column":8},"end":{"line":162,"column":null}},"23":{"start":{"line":161,"column":12},"end":{"line":161,"column":null}},"24":{"start":{"line":165,"column":8},"end":{"line":188,"column":null}},"25":{"start":{"line":167,"column":28},"end":{"line":167,"column":75}},"26":{"start":{"line":170,"column":12},"end":{"line":187,"column":null}},"27":{"start":{"line":171,"column":33},"end":{"line":171,"column":74}},"28":{"start":{"line":172,"column":59},"end":{"line":174,"column":null}},"29":{"start":{"line":175,"column":16},"end":{"line":181,"column":null}},"30":{"start":{"line":176,"column":20},"end":{"line":176,"column":null}},"31":{"start":{"line":177,"column":20},"end":{"line":177,"column":null}},"32":{"start":{"line":178,"column":20},"end":{"line":178,"column":null}},"33":{"start":{"line":180,"column":20},"end":{"line":180,"column":null}},"34":{"start":{"line":183,"column":16},"end":{"line":186,"column":null}},"35":{"start":{"line":192,"column":8},"end":{"line":196,"column":null}},"36":{"start":{"line":193,"column":12},"end":{"line":193,"column":null}},"37":{"start":{"line":195,"column":12},"end":{"line":195,"column":null}},"38":{"start":{"line":200,"column":8},"end":{"line":212,"column":null}},"39":{"start":{"line":201,"column":12},"end":{"line":211,"column":null}},"40":{"start":{"line":202,"column":16},"end":{"line":208,"column":null}},"41":{"start":{"line":203,"column":20},"end":{"line":207,"column":null}},"42":{"start":{"line":204,"column":24},"end":{"line":204,"column":null}},"43":{"start":{"line":206,"column":24},"end":{"line":206,"column":null}},"44":{"start":{"line":210,"column":16},"end":{"line":210,"column":null}},"45":{"start":{"line":216,"column":8},"end":{"line":216,"column":null}},"46":{"start":{"line":221,"column":8},"end":{"line":223,"column":null}},"47":{"start":{"line":222,"column":12},"end":{"line":222,"column":null}},"48":{"start":{"line":226,"column":8},"end":{"line":239,"column":null}},"49":{"start":{"line":229,"column":12},"end":{"line":234,"column":null}},"50":{"start":{"line":229,"column":25},"end":{"line":229,"column":26}},"51":{"start":{"line":232,"column":16},"end":{"line":232,"column":null}},"52":{"start":{"line":233,"column":16},"end":{"line":233,"column":null}},"53":{"start":{"line":236,"column":12},"end":{"line":236,"column":null}},"54":{"start":{"line":238,"column":12},"end":{"line":238,"column":null}},"55":{"start":{"line":257,"column":8},"end":{"line":257,"column":null}},"56":{"start":{"line":258,"column":8},"end":{"line":258,"column":null}},"57":{"start":{"line":259,"column":8},"end":{"line":259,"column":null}},"58":{"start":{"line":260,"column":8},"end":{"line":260,"column":null}},"59":{"start":{"line":261,"column":8},"end":{"line":261,"column":null}},"60":{"start":{"line":262,"column":21},"end":{"line":262,"column":55}},"61":{"start":{"line":263,"column":27},"end":{"line":263,"column":62}},"62":{"start":{"line":264,"column":27},"end":{"line":264,"column":59}},"63":{"start":{"line":266,"column":28},"end":{"line":266,"column":44}},"64":{"start":{"line":269,"column":25},"end":{"line":277,"column":23}},"65":{"start":{"line":279,"column":8},"end":{"line":282,"column":null}},"66":{"start":{"line":280,"column":12},"end":{"line":280,"column":null}},"67":{"start":{"line":281,"column":12},"end":{"line":281,"column":null}},"68":{"start":{"line":284,"column":8},"end":{"line":333,"column":null}},"69":{"start":{"line":285,"column":12},"end":{"line":285,"column":null}},"70":{"start":{"line":286,"column":12},"end":{"line":329,"column":null}},"71":{"start":{"line":288,"column":40},"end":{"line":288,"column":56}},"72":{"start":{"line":289,"column":37},"end":{"line":289,"column":67}},"73":{"start":{"line":291,"column":16},"end":{"line":328,"column":null}},"74":{"start":{"line":292,"column":20},"end":{"line":322,"column":23}},"75":{"start":{"line":294,"column":24},"end":{"line":294,"column":61}},"76":{"start":{"line":296,"column":24},"end":{"line":299,"column":null}},"77":{"start":{"line":298,"column":28},"end":{"line":298,"column":76}},"78":{"start":{"line":302,"column":24},"end":{"line":321,"column":27}},"79":{"start":{"line":304,"column":39},"end":{"line":304,"column":41}},"80":{"start":{"line":306,"column":28},"end":{"line":319,"column":31}},"81":{"start":{"line":307,"column":32},"end":{"line":311,"column":null}},"82":{"start":{"line":308,"column":36},"end":{"line":308,"column":50}},"83":{"start":{"line":310,"column":36},"end":{"line":310,"column":68}},"84":{"start":{"line":313,"column":32},"end":{"line":318,"column":null}},"85":{"start":{"line":314,"column":36},"end":{"line":314,"column":62}},"86":{"start":{"line":316,"column":36},"end":{"line":316,"column":48}},"87":{"start":{"line":325,"column":20},"end":{"line":327,"column":null}},"88":{"start":{"line":326,"column":24},"end":{"line":326,"column":69}},"89":{"start":{"line":331,"column":12},"end":{"line":331,"column":null}},"90":{"start":{"line":332,"column":12},"end":{"line":332,"column":null}},"91":{"start":{"line":335,"column":8},"end":{"line":335,"column":null}},"92":{"start":{"line":335,"column":79},"end":{"line":335,"column":131}},"93":{"start":{"line":347,"column":8},"end":{"line":347,"column":null}},"94":{"start":{"line":348,"column":8},"end":{"line":348,"column":null}},"95":{"start":{"line":349,"column":8},"end":{"line":349,"column":null}},"96":{"start":{"line":350,"column":8},"end":{"line":350,"column":null}},"97":{"start":{"line":351,"column":8},"end":{"line":351,"column":null}}},"fnMap":{"0":{"name":"getDefaultBuilder","decl":{"start":{"line":108,"column":16},"end":{"line":108,"column":33}},"loc":{"start":{"line":108,"column":33},"end":{"line":110,"column":1}}},"1":{"name":"(anonymous_8)","decl":{"start":{"line":120,"column":4},"end":{"line":120,"column":11}},"loc":{"start":{"line":120,"column":133},"end":{"line":128,"column":5}}},"2":{"name":"(anonymous_9)","decl":{"start":{"line":130,"column":4},"end":{"line":130,"column":14}},"loc":{"start":{"line":130,"column":29},"end":{"line":134,"column":5}}},"3":{"name":"(anonymous_10)","decl":{"start":{"line":136,"column":4},"end":{"line":136,"column":9}},"loc":{"start":{"line":136,"column":9},"end":{"line":138,"column":5}}},"4":{"name":"(anonymous_11)","decl":{"start":{"line":151,"column":4},"end":{"line":151,"column":16}},"loc":{"start":{"line":151,"column":66},"end":{"line":189,"column":5}}},"5":{"name":"(anonymous_12)","decl":{"start":{"line":160,"column":25},"end":{"line":160,"column":30}},"loc":{"start":{"line":160,"column":36},"end":{"line":162,"column":9}}},"6":{"name":"(anonymous_13)","decl":{"start":{"line":165,"column":34},"end":{"line":165,"column":39}},"loc":{"start":{"line":165,"column":68},"end":{"line":188,"column":9}}},"7":{"name":"(anonymous_14)","decl":{"start":{"line":191,"column":4},"end":{"line":191,"column":10}},"loc":{"start":{"line":191,"column":23},"end":{"line":197,"column":5}}},"8":{"name":"(anonymous_15)","decl":{"start":{"line":199,"column":4},"end":{"line":199,"column":9}},"loc":{"start":{"line":199,"column":9},"end":{"line":213,"column":5}}},"9":{"name":"(anonymous_16)","decl":{"start":{"line":200,"column":27},"end":{"line":200,"column":28}},"loc":{"start":{"line":200,"column":47},"end":{"line":212,"column":9}}},"10":{"name":"(anonymous_17)","decl":{"start":{"line":202,"column":35},"end":{"line":202,"column":36}},"loc":{"start":{"line":202,"column":43},"end":{"line":208,"column":17}}},"11":{"name":"(anonymous_18)","decl":{"start":{"line":215,"column":4},"end":{"line":215,"column":8}},"loc":{"start":{"line":215,"column":18},"end":{"line":217,"column":5}}},"12":{"name":"(anonymous_19)","decl":{"start":{"line":219,"column":4},"end":{"line":219,"column":8}},"loc":{"start":{"line":219,"column":47},"end":{"line":240,"column":5}}},"13":{"name":"(anonymous_20)","decl":{"start":{"line":256,"column":4},"end":{"line":256,"column":16}},"loc":{"start":{"line":256,"column":99},"end":{"line":336,"column":5}}},"14":{"name":"(anonymous_21)","decl":{"start":{"line":286,"column":24},"end":{"line":286,"column":29}},"loc":{"start":{"line":286,"column":35},"end":{"line":329,"column":13}}},"15":{"name":"(anonymous_22)","decl":{"start":{"line":292,"column":59},"end":{"line":292,"column":62}},"loc":{"start":{"line":292,"column":64},"end":{"line":322,"column":21}}},"16":{"name":"(anonymous_23)","decl":{"start":{"line":302,"column":46},"end":{"line":302,"column":47}},"loc":{"start":{"line":302,"column":66},"end":{"line":321,"column":25}}},"17":{"name":"(anonymous_24)","decl":{"start":{"line":306,"column":51},"end":{"line":306,"column":52}},"loc":{"start":{"line":306,"column":61},"end":{"line":312,"column":29}}},"18":{"name":"(anonymous_25)","decl":{"start":{"line":312,"column":43},"end":{"line":312,"column":46}},"loc":{"start":{"line":312,"column":48},"end":{"line":319,"column":29}}},"19":{"name":"(anonymous_26)","decl":{"start":{"line":335,"column":23},"end":{"line":335,"column":24}},"loc":{"start":{"line":335,"column":79},"end":{"line":335,"column":131}}},"20":{"name":"(anonymous_27)","decl":{"start":{"line":346,"column":4},"end":{"line":346,"column":16}},"loc":{"start":{"line":346,"column":93},"end":{"line":352,"column":5}}}},"branchMap":{"0":{"loc":{"start":{"line":175,"column":16},"end":{"line":181,"column":null}},"type":"if","locations":[{"start":{"line":175,"column":16},"end":{"line":181,"column":null}},{"start":{"line":179,"column":23},"end":{"line":181,"column":null}}]},"1":{"loc":{"start":{"line":192,"column":8},"end":{"line":196,"column":null}},"type":"if","locations":[{"start":{"line":192,"column":8},"end":{"line":196,"column":null}},{"start":{"line":194,"column":15},"end":{"line":196,"column":null}}]},"2":{"loc":{"start":{"line":201,"column":12},"end":{"line":211,"column":null}},"type":"if","locations":[{"start":{"line":201,"column":12},"end":{"line":211,"column":null}},{"start":{"line":209,"column":19},"end":{"line":211,"column":null}}]},"3":{"loc":{"start":{"line":203,"column":20},"end":{"line":207,"column":null}},"type":"if","locations":[{"start":{"line":203,"column":20},"end":{"line":207,"column":null}},{"start":{"line":205,"column":27},"end":{"line":207,"column":null}}]},"4":{"loc":{"start":{"line":226,"column":8},"end":{"line":239,"column":null}},"type":"if","locations":[{"start":{"line":226,"column":8},"end":{"line":239,"column":null}},{"start":{"line":237,"column":15},"end":{"line":239,"column":null}}]},"5":{"loc":{"start":{"line":284,"column":8},"end":{"line":333,"column":null}},"type":"if","locations":[{"start":{"line":284,"column":8},"end":{"line":333,"column":null}},{"start":{"line":330,"column":15},"end":{"line":333,"column":null}}]},"6":{"loc":{"start":{"line":296,"column":24},"end":{"line":299,"column":null}},"type":"if","locations":[{"start":{"line":296,"column":24},"end":{"line":299,"column":null}}]},"7":{"loc":{"start":{"line":307,"column":32},"end":{"line":311,"column":null}},"type":"if","locations":[{"start":{"line":307,"column":32},"end":{"line":311,"column":null}},{"start":{"line":309,"column":39},"end":{"line":311,"column":null}}]},"8":{"loc":{"start":{"line":325,"column":20},"end":{"line":327,"column":null}},"type":"if","locations":[{"start":{"line":325,"column":20},"end":{"line":327,"column":null}}]},"9":{"loc":{"start":{"line":325,"column":24},"end":{"line":325,"column":55}},"type":"binary-expr","locations":[{"start":{"line":325,"column":24},"end":{"line":325,"column":39}},{"start":{"line":325,"column":43},"end":{"line":325,"column":55}}]},"10":{"loc":{"start":{"line":351,"column":20},"end":{"line":351,"column":43}},"type":"binary-expr","locations":[{"start":{"line":351,"column":20},"end":{"line":351,"column":32}},{"start":{"line":351,"column":36},"end":{"line":351,"column":43}}]}},"s":{"0":1,"1":1,"2":1,"3":1,"4":1,"5":1,"6":1,"7":1,"8":1,"9":1,"10":1,"11":0,"12":0,"13":1,"14":1,"15":1,"16":1,"17":1,"18":1,"19":1,"20":1,"21":1,"22":1,"23":0,"24":1,"25":2,"26":2,"27":2,"28":2,"29":2,"30":1,"31":1,"32":1,"33":1,"34":0,"35":1,"36":1,"37":0,"38":1,"39":1,"40":1,"41":1,"42":0,"43":1,"44":0,"45":0,"46":0,"47":0,"48":0,"49":0,"50":0,"51":0,"52":0,"53":0,"54":0,"55":2,"56":2,"57":2,"58":2,"59":2,"60":2,"61":2,"62":2,"63":2,"64":2,"65":2,"66":8,"67":8,"68":2,"69":2,"70":2,"71":0,"72":0,"73":0,"74":0,"75":0,"76":0,"77":0,"78":0,"79":0,"80":0,"81":0,"82":0,"83":0,"84":0,"85":0,"86":0,"87":0,"88":0,"89":0,"90":0,"91":2,"92":1,"93":1,"94":1,"95":1,"96":1,"97":1},"f":{"0":1,"1":0,"2":1,"3":1,"4":1,"5":0,"6":2,"7":1,"8":1,"9":1,"10":1,"11":0,"12":0,"13":2,"14":0,"15":0,"16":0,"17":0,"18":0,"19":1,"20":1},"b":{"0":[1,1],"1":[1,0],"2":[1,0],"3":[0,1],"4":[0,0],"5":[2,0],"6":[0],"7":[0,0],"8":[0],"9":[0,0],"10":[1,0]}}
,"C:\\Users\\NathanNorthcutt\\Code\\github\\telefrek\\granada\\packages\\http\\concurrency\\index.ts": {"path":"C:\\Users\\NathanNorthcutt\\Code\\github\\telefrek\\granada\\packages\\http\\concurrency\\index.ts","statementMap":{"0":{"start":{"line":6,"column":0},"end":{"line":6,"column":90}},"1":{"start":{"line":14,"column":40},"end":{"line":14,"column":49}},"2":{"start":{"line":17,"column":8},"end":{"line":17,"column":null}},"3":{"start":{"line":21,"column":8},"end":{"line":21,"column":null}},"4":{"start":{"line":25,"column":8},"end":{"line":25,"column":null}},"5":{"start":{"line":39,"column":22},"end":{"line":39,"column":45}},"6":{"start":{"line":41,"column":8},"end":{"line":71,"column":null}},"7":{"start":{"line":44,"column":30},"end":{"line":44,"column":48}},"8":{"start":{"line":47,"column":12},"end":{"line":63,"column":null}},"9":{"start":{"line":48,"column":16},"end":{"line":62,"column":null}},"10":{"start":{"line":49,"column":20},"end":{"line":57,"column":null}},"11":{"start":{"line":50,"column":41},"end":{"line":50,"column":73}},"12":{"start":{"line":51,"column":24},"end":{"line":51,"column":null}},"13":{"start":{"line":52,"column":24},"end":{"line":52,"column":null}},"14":{"start":{"line":55,"column":24},"end":{"line":55,"column":null}},"15":{"start":{"line":56,"column":24},"end":{"line":56,"column":null}},"16":{"start":{"line":60,"column":20},"end":{"line":60,"column":null}},"17":{"start":{"line":61,"column":20},"end":{"line":61,"column":null}},"18":{"start":{"line":66,"column":12},"end":{"line":66,"column":null}},"19":{"start":{"line":67,"column":15},"end":{"line":71,"column":null}},"20":{"start":{"line":68,"column":12},"end":{"line":68,"column":null}},"21":{"start":{"line":70,"column":12},"end":{"line":70,"column":null}},"22":{"start":{"line":11,"column":0},"end":{"line":11,"column":22}}},"fnMap":{"0":{"name":"(anonymous_0)","decl":{"start":{"line":16,"column":4},"end":{"line":16,"column":16}},"loc":{"start":{"line":16,"column":28},"end":{"line":18,"column":5}}},"1":{"name":"(anonymous_1)","decl":{"start":{"line":20,"column":4},"end":{"line":20,"column":8}},"loc":{"start":{"line":20,"column":12},"end":{"line":22,"column":5}}},"2":{"name":"(anonymous_2)","decl":{"start":{"line":24,"column":4},"end":{"line":24,"column":8}},"loc":{"start":{"line":24,"column":45},"end":{"line":26,"column":5}}},"3":{"name":"(anonymous_3)","decl":{"start":{"line":36,"column":4},"end":{"line":36,"column":9}},"loc":{"start":{"line":36,"column":77},"end":{"line":72,"column":5}}}},"branchMap":{"0":{"loc":{"start":{"line":41,"column":8},"end":{"line":71,"column":null}},"type":"if","locations":[{"start":{"line":41,"column":8},"end":{"line":71,"column":null}},{"start":{"line":67,"column":15},"end":{"line":71,"column":null}}]},"1":{"loc":{"start":{"line":47,"column":12},"end":{"line":63,"column":null}},"type":"if","locations":[{"start":{"line":47,"column":12},"end":{"line":63,"column":null}}]},"2":{"loc":{"start":{"line":48,"column":16},"end":{"line":62,"column":null}},"type":"if","locations":[{"start":{"line":48,"column":16},"end":{"line":62,"column":null}},{"start":{"line":58,"column":23},"end":{"line":62,"column":null}}]},"3":{"loc":{"start":{"line":67,"column":15},"end":{"line":71,"column":null}},"type":"if","locations":[{"start":{"line":67,"column":15},"end":{"line":71,"column":null}},{"start":{"line":69,"column":15},"end":{"line":71,"column":null}}]}},"s":{"0":1,"1":0,"2":0,"3":0,"4":0,"5":0,"6":0,"7":0,"8":0,"9":0,"10":0,"11":0,"12":0,"13":0,"14":0,"15":0,"16":0,"17":0,"18":0,"19":0,"20":0,"21":0,"22":1},"f":{"0":0,"1":0,"2":0,"3":0},"b":{"0":[0,0],"1":[0],"2":[0,0],"3":[0,0]}}
,"C:\\Users\\NathanNorthcutt\\Code\\github\\telefrek\\granada\\packages\\http\\routing\\index.ts": {"path":"C:\\Users\\NathanNorthcutt\\Code\\github\\telefrek\\granada\\packages\\http\\routing\\index.ts","statementMap":{"0":{"start":{"line":5,"column":0},"end":{"line":5,"column":117}},"1":{"start":{"line":13,"column":8},"end":{"line":13,"column":null}},"2":{"start":{"line":10,"column":0},"end":{"line":10,"column":13}},"3":{"start":{"line":59,"column":4},"end":{"line":59,"column":null}},"4":{"start":{"line":58,"column":0},"end":{"line":58,"column":16}},"5":{"start":{"line":63,"column":4},"end":{"line":63,"column":null}},"6":{"start":{"line":62,"column":0},"end":{"line":62,"column":16}},"7":{"start":{"line":69,"column":40},"end":{"line":69,"column":49}},"8":{"start":{"line":72,"column":8},"end":{"line":72,"column":null}},"9":{"start":{"line":76,"column":8},"end":{"line":76,"column":null}},"10":{"start":{"line":80,"column":8},"end":{"line":80,"column":null}},"11":{"start":{"line":86,"column":24},"end":{"line":86,"column":52}},"12":{"start":{"line":87,"column":8},"end":{"line":91,"column":null}},"13":{"start":{"line":88,"column":12},"end":{"line":88,"column":null}},"14":{"start":{"line":89,"column":15},"end":{"line":91,"column":null}},"15":{"start":{"line":90,"column":12},"end":{"line":90,"column":null}},"16":{"start":{"line":94,"column":8},"end":{"line":94,"column":null}},"17":{"start":{"line":109,"column":33},"end":{"line":109,"column":51}},"18":{"start":{"line":112,"column":25},"end":{"line":112,"column":86}},"19":{"start":{"line":113,"column":8},"end":{"line":162,"column":null}},"20":{"start":{"line":114,"column":26},"end":{"line":114,"column":35}},"21":{"start":{"line":115,"column":12},"end":{"line":156,"column":null}},"22":{"start":{"line":116,"column":16},"end":{"line":155,"column":null}},"23":{"start":{"line":117,"column":32},"end":{"line":117,"column":37}},"24":{"start":{"line":118,"column":20},"end":{"line":148,"column":null}},"25":{"start":{"line":119,"column":24},"end":{"line":147,"column":null}},"26":{"start":{"line":120,"column":28},"end":{"line":120,"column":null}},"27":{"start":{"line":121,"column":31},"end":{"line":147,"column":null}},"28":{"start":{"line":122,"column":28},"end":{"line":122,"column":null}},"29":{"start":{"line":123,"column":28},"end":{"line":123,"column":null}},"30":{"start":{"line":124,"column":28},"end":{"line":124,"column":33}},"31":{"start":{"line":125,"column":31},"end":{"line":147,"column":null}},"32":{"start":{"line":126,"column":28},"end":{"line":126,"column":null}},"33":{"start":{"line":127,"column":28},"end":{"line":129,"column":null}},"34":{"start":{"line":128,"column":32},"end":{"line":128,"column":null}},"35":{"start":{"line":130,"column":50},"end":{"line":130,"column":66}},"36":{"start":{"line":131,"column":28},"end":{"line":140,"column":null}},"37":{"start":{"line":132,"column":42},"end":{"line":132,"column":80}},"38":{"start":{"line":133,"column":32},"end":{"line":137,"column":null}},"39":{"start":{"line":134,"column":36},"end":{"line":134,"column":null}},"40":{"start":{"line":136,"column":36},"end":{"line":136,"column":null}},"41":{"start":{"line":139,"column":32},"end":{"line":139,"column":null}},"42":{"start":{"line":141,"column":28},"end":{"line":141,"column":null}},"43":{"start":{"line":142,"column":28},"end":{"line":142,"column":33}},"44":{"start":{"line":143,"column":31},"end":{"line":147,"column":null}},"45":{"start":{"line":144,"column":28},"end":{"line":144,"column":null}},"46":{"start":{"line":145,"column":28},"end":{"line":145,"column":null}},"47":{"start":{"line":146,"column":28},"end":{"line":146,"column":33}},"48":{"start":{"line":150,"column":20},"end":{"line":152,"column":null}},"49":{"start":{"line":151,"column":24},"end":{"line":151,"column":30}},"50":{"start":{"line":154,"column":20},"end":{"line":154,"column":26}},"51":{"start":{"line":158,"column":12},"end":{"line":160,"column":null}},"52":{"start":{"line":159,"column":16},"end":{"line":159,"column":null}},"53":{"start":{"line":161,"column":12},"end":{"line":161,"column":null}},"54":{"start":{"line":167,"column":8},"end":{"line":169,"column":null}},"55":{"start":{"line":168,"column":12},"end":{"line":168,"column":null}},"56":{"start":{"line":172,"column":25},"end":{"line":172,"column":82}},"57":{"start":{"line":173,"column":8},"end":{"line":175,"column":null}},"58":{"start":{"line":174,"column":12},"end":{"line":174,"column":null}},"59":{"start":{"line":178,"column":18},"end":{"line":178,"column":33}},"60":{"start":{"line":179,"column":8},"end":{"line":191,"column":null}},"61":{"start":{"line":179,"column":21},"end":{"line":179,"column":22}},"62":{"start":{"line":180,"column":28},"end":{"line":180,"column":39}},"63":{"start":{"line":181,"column":12},"end":{"line":189,"column":null}},"64":{"start":{"line":183,"column":16},"end":{"line":183,"column":24}},"65":{"start":{"line":184,"column":19},"end":{"line":189,"column":null}},"66":{"start":{"line":185,"column":16},"end":{"line":187,"column":null}},"67":{"start":{"line":186,"column":20},"end":{"line":186,"column":null}},"68":{"start":{"line":188,"column":16},"end":{"line":188,"column":24}},"69":{"start":{"line":190,"column":12},"end":{"line":190,"column":null}},"70":{"start":{"line":195,"column":36},"end":{"line":195,"column":45}},"71":{"start":{"line":196,"column":8},"end":{"line":266,"column":null}},"72":{"start":{"line":197,"column":41},"end":{"line":197,"column":62}},"73":{"start":{"line":200,"column":12},"end":{"line":207,"column":null}},"74":{"start":{"line":201,"column":16},"end":{"line":201,"column":null}},"75":{"start":{"line":202,"column":19},"end":{"line":207,"column":null}},"76":{"start":{"line":203,"column":16},"end":{"line":203,"column":null}},"77":{"start":{"line":204,"column":19},"end":{"line":207,"column":null}},"78":{"start":{"line":205,"column":16},"end":{"line":205,"column":null}},"79":{"start":{"line":206,"column":16},"end":{"line":206,"column":49}},"80":{"start":{"line":210,"column":12},"end":{"line":265,"column":null}},"81":{"start":{"line":211,"column":16},"end":{"line":211,"column":null}},"82":{"start":{"line":212,"column":44},"end":{"line":217,"column":null}},"83":{"start":{"line":219,"column":16},"end":{"line":219,"column":null}},"84":{"start":{"line":220,"column":16},"end":{"line":220,"column":null}},"85":{"start":{"line":225,"column":16},"end":{"line":250,"column":null}},"86":{"start":{"line":228,"column":20},"end":{"line":249,"column":null}},"87":{"start":{"line":231,"column":24},"end":{"line":240,"column":null}},"88":{"start":{"line":232,"column":28},"end":{"line":235,"column":null}},"89":{"start":{"line":233,"column":32},"end":{"line":233,"column":null}},"90":{"start":{"line":234,"column":32},"end":{"line":234,"column":37}},"91":{"start":{"line":238,"column":28},"end":{"line":238,"column":null}},"92":{"start":{"line":239,"column":28},"end":{"line":239,"column":33}},"93":{"start":{"line":242,"column":27},"end":{"line":249,"column":null}},"94":{"start":{"line":244,"column":24},"end":{"line":244,"column":null}},"95":{"start":{"line":245,"column":24},"end":{"line":245,"column":29}},"96":{"start":{"line":246,"column":27},"end":{"line":249,"column":null}},"97":{"start":{"line":248,"column":24},"end":{"line":248,"column":null}},"98":{"start":{"line":252,"column":16},"end":{"line":264,"column":null}},"99":{"start":{"line":253,"column":20},"end":{"line":253,"column":null}},"100":{"start":{"line":255,"column":48},"end":{"line":260,"column":null}},"101":{"start":{"line":262,"column":20},"end":{"line":262,"column":null}},"102":{"start":{"line":263,"column":20},"end":{"line":263,"column":null}},"103":{"start":{"line":269,"column":8},"end":{"line":271,"column":null}},"104":{"start":{"line":270,"column":12},"end":{"line":270,"column":null}},"105":{"start":{"line":274,"column":8},"end":{"line":286,"column":null}},"106":{"start":{"line":275,"column":12},"end":{"line":277,"column":null}},"107":{"start":{"line":276,"column":16},"end":{"line":276,"column":null}},"108":{"start":{"line":279,"column":12},"end":{"line":279,"column":null}},"109":{"start":{"line":281,"column":12},"end":{"line":285,"column":null}},"110":{"start":{"line":282,"column":16},"end":{"line":284,"column":null}},"111":{"start":{"line":283,"column":20},"end":{"line":283,"column":null}},"112":{"start":{"line":290,"column":39},"end":{"line":290,"column":50}},"113":{"start":{"line":293,"column":8},"end":{"line":307,"column":null}},"114":{"start":{"line":294,"column":12},"end":{"line":294,"column":null}},"115":{"start":{"line":295,"column":12},"end":{"line":302,"column":null}},"116":{"start":{"line":296,"column":16},"end":{"line":301,"column":null}},"117":{"start":{"line":297,"column":30},"end":{"line":297,"column":53}},"118":{"start":{"line":298,"column":20},"end":{"line":300,"column":null}},"119":{"start":{"line":299,"column":24},"end":{"line":299,"column":null}},"120":{"start":{"line":304,"column":12},"end":{"line":306,"column":null}},"121":{"start":{"line":305,"column":16},"end":{"line":305,"column":null}},"122":{"start":{"line":311,"column":25},"end":{"line":311,"column":28}},"123":{"start":{"line":312,"column":27},"end":{"line":312,"column":31}},"124":{"start":{"line":313,"column":34},"end":{"line":313,"column":51}},"125":{"start":{"line":314,"column":32},"end":{"line":314,"column":64}},"126":{"start":{"line":315,"column":31},"end":{"line":315,"column":91}},"127":{"start":{"line":320,"column":0},"end":{"line":320,"column":null}},"128":{"start":{"line":321,"column":4},"end":{"line":321,"column":null}},"129":{"start":{"line":322,"column":4},"end":{"line":322,"column":null}},"130":{"start":{"line":323,"column":4},"end":{"line":323,"column":null}},"131":{"start":{"line":324,"column":4},"end":{"line":324,"column":null}},"132":{"start":{"line":335,"column":29},"end":{"line":335,"column":50}},"133":{"start":{"line":344,"column":19},"end":{"line":352,"column":null}},"134":{"start":{"line":345,"column":18},"end":{"line":352,"column":null}}},"fnMap":{"0":{"name":"(anonymous_0)","decl":{"start":{"line":12,"column":4},"end":{"line":12,"column":16}},"loc":{"start":{"line":12,"column":32},"end":{"line":14,"column":5}}},"1":{"name":"createRouter","decl":{"start":{"line":58,"column":16},"end":{"line":58,"column":28}},"loc":{"start":{"line":58,"column":28},"end":{"line":60,"column":1}}},"2":{"name":"routingMiddleware","decl":{"start":{"line":62,"column":16},"end":{"line":62,"column":33}},"loc":{"start":{"line":62,"column":48},"end":{"line":64,"column":1}}},"3":{"name":"(anonymous_3)","decl":{"start":{"line":71,"column":4},"end":{"line":71,"column":16}},"loc":{"start":{"line":71,"column":30},"end":{"line":73,"column":5}}},"4":{"name":"(anonymous_4)","decl":{"start":{"line":75,"column":4},"end":{"line":75,"column":8}},"loc":{"start":{"line":75,"column":12},"end":{"line":77,"column":5}}},"5":{"name":"(anonymous_5)","decl":{"start":{"line":79,"column":4},"end":{"line":79,"column":8}},"loc":{"start":{"line":79,"column":45},"end":{"line":81,"column":5}}},"6":{"name":"(anonymous_6)","decl":{"start":{"line":83,"column":4},"end":{"line":83,"column":9}},"loc":{"start":{"line":83,"column":62},"end":{"line":95,"column":5}}},"7":{"name":"(anonymous_7)","decl":{"start":{"line":111,"column":4},"end":{"line":111,"column":10}},"loc":{"start":{"line":111,"column":69},"end":{"line":163,"column":5}}},"8":{"name":"(anonymous_8)","decl":{"start":{"line":165,"column":4},"end":{"line":165,"column":12}},"loc":{"start":{"line":165,"column":82},"end":{"line":287,"column":5}}},"9":{"name":"(anonymous_9)","decl":{"start":{"line":289,"column":4},"end":{"line":289,"column":8}},"loc":{"start":{"line":289,"column":17},"end":{"line":308,"column":5}}},"10":{"name":"(anonymous_10)","decl":{"start":{"line":320,"column":0},"end":{"line":320,"column":5}},"loc":{"start":{"line":320,"column":21},"end":{"line":325,"column":1}}},"11":{"name":"(anonymous_11)","decl":{"start":{"line":344,"column":19},"end":{"line":344,"column":36}},"loc":{"start":{"line":345,"column":18},"end":{"line":352,"column":null}}}},"branchMap":{"0":{"loc":{"start":{"line":87,"column":8},"end":{"line":91,"column":null}},"type":"if","locations":[{"start":{"line":87,"column":8},"end":{"line":91,"column":null}},{"start":{"line":89,"column":15},"end":{"line":91,"column":null}}]},"1":{"loc":{"start":{"line":89,"column":15},"end":{"line":91,"column":null}},"type":"if","locations":[{"start":{"line":89,"column":15},"end":{"line":91,"column":null}}]},"2":{"loc":{"start":{"line":113,"column":8},"end":{"line":162,"column":null}},"type":"if","locations":[{"start":{"line":113,"column":8},"end":{"line":162,"column":null}}]},"3":{"loc":{"start":{"line":116,"column":16},"end":{"line":155,"column":null}},"type":"if","locations":[{"start":{"line":116,"column":16},"end":{"line":155,"column":null}},{"start":{"line":153,"column":23},"end":{"line":155,"column":null}}]},"4":{"loc":{"start":{"line":119,"column":24},"end":{"line":147,"column":null}},"type":"if","locations":[{"start":{"line":119,"column":24},"end":{"line":147,"column":null}},{"start":{"line":121,"column":31},"end":{"line":147,"column":null}}]},"5":{"loc":{"start":{"line":121,"column":31},"end":{"line":147,"column":null}},"type":"if","locations":[{"start":{"line":121,"column":31},"end":{"line":147,"column":null}},{"start":{"line":125,"column":31},"end":{"line":147,"column":null}}]},"6":{"loc":{"start":{"line":125,"column":31},"end":{"line":147,"column":null}},"type":"if","locations":[{"start":{"line":125,"column":31},"end":{"line":147,"column":null}},{"start":{"line":143,"column":31},"end":{"line":147,"column":null}}]},"7":{"loc":{"start":{"line":127,"column":28},"end":{"line":129,"column":null}},"type":"if","locations":[{"start":{"line":127,"column":28},"end":{"line":129,"column":null}}]},"8":{"loc":{"start":{"line":131,"column":28},"end":{"line":140,"column":null}},"type":"if","locations":[{"start":{"line":131,"column":28},"end":{"line":140,"column":null}},{"start":{"line":138,"column":35},"end":{"line":140,"column":null}}]},"9":{"loc":{"start":{"line":133,"column":32},"end":{"line":137,"column":null}},"type":"if","locations":[{"start":{"line":133,"column":32},"end":{"line":137,"column":null}},{"start":{"line":135,"column":39},"end":{"line":137,"column":null}}]},"10":{"loc":{"start":{"line":143,"column":31},"end":{"line":147,"column":null}},"type":"if","locations":[{"start":{"line":143,"column":31},"end":{"line":147,"column":null}}]},"11":{"loc":{"start":{"line":150,"column":20},"end":{"line":152,"column":null}},"type":"if","locations":[{"start":{"line":150,"column":20},"end":{"line":152,"column":null}}]},"12":{"loc":{"start":{"line":158,"column":12},"end":{"line":160,"column":null}},"type":"if","locations":[{"start":{"line":158,"column":12},"end":{"line":160,"column":null}}]},"13":{"loc":{"start":{"line":167,"column":8},"end":{"line":169,"column":null}},"type":"if","locations":[{"start":{"line":167,"column":8},"end":{"line":169,"column":null}}]},"14":{"loc":{"start":{"line":173,"column":8},"end":{"line":175,"column":null}},"type":"if","locations":[{"start":{"line":173,"column":8},"end":{"line":175,"column":null}}]},"15":{"loc":{"start":{"line":181,"column":12},"end":{"line":189,"column":null}},"type":"if","locations":[{"start":{"line":181,"column":12},"end":{"line":189,"column":null}},{"start":{"line":184,"column":19},"end":{"line":189,"column":null}}]},"16":{"loc":{"start":{"line":181,"column":16},"end":{"line":182,"column":80}},"type":"binary-expr","locations":[{"start":{"line":181,"column":16},"end":{"line":181,"column":36}},{"start":{"line":182,"column":16},"end":{"line":182,"column":47}},{"start":{"line":182,"column":51},"end":{"line":182,"column":80}}]},"17":{"loc":{"start":{"line":184,"column":19},"end":{"line":189,"column":null}},"type":"if","locations":[{"start":{"line":184,"column":19},"end":{"line":189,"column":null}}]},"18":{"loc":{"start":{"line":185,"column":16},"end":{"line":187,"column":null}},"type":"if","locations":[{"start":{"line":185,"column":16},"end":{"line":187,"column":null}}]},"19":{"loc":{"start":{"line":200,"column":12},"end":{"line":207,"column":null}},"type":"if","locations":[{"start":{"line":200,"column":12},"end":{"line":207,"column":null}},{"start":{"line":202,"column":19},"end":{"line":207,"column":null}}]},"20":{"loc":{"start":{"line":202,"column":19},"end":{"line":207,"column":null}},"type":"if","locations":[{"start":{"line":202,"column":19},"end":{"line":207,"column":null}},{"start":{"line":204,"column":19},"end":{"line":207,"column":null}}]},"21":{"loc":{"start":{"line":204,"column":19},"end":{"line":207,"column":null}},"type":"if","locations":[{"start":{"line":204,"column":19},"end":{"line":207,"column":null}}]},"22":{"loc":{"start":{"line":210,"column":12},"end":{"line":265,"column":null}},"type":"if","locations":[{"start":{"line":210,"column":12},"end":{"line":265,"column":null}},{"start":{"line":221,"column":19},"end":{"line":265,"column":null}}]},"23":{"loc":{"start":{"line":216,"column":29},"end":{"line":216,"column":81}},"type":"cond-expr","locations":[{"start":{"line":216,"column":62},"end":{"line":216,"column":69}},{"start":{"line":216,"column":72},"end":{"line":216,"column":81}}]},"24":{"loc":{"start":{"line":228,"column":20},"end":{"line":249,"column":null}},"type":"if","locations":[{"start":{"line":228,"column":20},"end":{"line":249,"column":null}},{"start":{"line":242,"column":27},"end":{"line":249,"column":null}}]},"25":{"loc":{"start":{"line":231,"column":24},"end":{"line":240,"column":null}},"type":"if","locations":[{"start":{"line":231,"column":24},"end":{"line":240,"column":null}},{"start":{"line":236,"column":31},"end":{"line":240,"column":null}}]},"26":{"loc":{"start":{"line":232,"column":28},"end":{"line":235,"column":null}},"type":"if","locations":[{"start":{"line":232,"column":28},"end":{"line":235,"column":null}}]},"27":{"loc":{"start":{"line":242,"column":27},"end":{"line":249,"column":null}},"type":"if","locations":[{"start":{"line":242,"column":27},"end":{"line":249,"column":null}},{"start":{"line":246,"column":27},"end":{"line":249,"column":null}}]},"28":{"loc":{"start":{"line":246,"column":27},"end":{"line":249,"column":null}},"type":"if","locations":[{"start":{"line":246,"column":27},"end":{"line":249,"column":null}}]},"29":{"loc":{"start":{"line":246,"column":31},"end":{"line":247,"column":101}},"type":"binary-expr","locations":[{"start":{"line":246,"column":32},"end":{"line":246,"column":70}},{"start":{"line":246,"column":74},"end":{"line":246,"column":107}},{"start":{"line":247,"column":25},"end":{"line":247,"column":64}},{"start":{"line":247,"column":68},"end":{"line":247,"column":100}}]},"30":{"loc":{"start":{"line":252,"column":16},"end":{"line":264,"column":null}},"type":"if","locations":[{"start":{"line":252,"column":16},"end":{"line":264,"column":null}},{"start":{"line":254,"column":23},"end":{"line":264,"column":null}}]},"31":{"loc":{"start":{"line":259,"column":33},"end":{"line":259,"column":85}},"type":"cond-expr","locations":[{"start":{"line":259,"column":66},"end":{"line":259,"column":73}},{"start":{"line":259,"column":76},"end":{"line":259,"column":85}}]},"32":{"loc":{"start":{"line":269,"column":8},"end":{"line":271,"column":null}},"type":"if","locations":[{"start":{"line":269,"column":8},"end":{"line":271,"column":null}}]},"33":{"loc":{"start":{"line":274,"column":8},"end":{"line":286,"column":null}},"type":"if","locations":[{"start":{"line":274,"column":8},"end":{"line":286,"column":null}},{"start":{"line":280,"column":15},"end":{"line":286,"column":null}}]},"34":{"loc":{"start":{"line":275,"column":12},"end":{"line":277,"column":null}},"type":"if","locations":[{"start":{"line":275,"column":12},"end":{"line":277,"column":null}}]},"35":{"loc":{"start":{"line":282,"column":16},"end":{"line":284,"column":null}},"type":"if","locations":[{"start":{"line":282,"column":16},"end":{"line":284,"column":null}}]},"36":{"loc":{"start":{"line":295,"column":12},"end":{"line":302,"column":null}},"type":"if","locations":[{"start":{"line":295,"column":12},"end":{"line":302,"column":null}}]},"37":{"loc":{"start":{"line":298,"column":20},"end":{"line":300,"column":null}},"type":"if","locations":[{"start":{"line":298,"column":20},"end":{"line":300,"column":null}}]},"38":{"loc":{"start":{"line":304,"column":12},"end":{"line":306,"column":null}},"type":"if","locations":[{"start":{"line":304,"column":12},"end":{"line":306,"column":null}}]},"39":{"loc":{"start":{"line":320,"column":5},"end":{"line":320,"column":null}},"type":"binary-expr","locations":[{"start":{"line":320,"column":5},"end":{"line":320,"column":21}},{"start":{"line":320,"column":5},"end":{"line":320,"column":null}}]}},"s":{"0":2,"1":10,"2":2,"3":6,"4":2,"5":1,"6":2,"7":1,"8":1,"9":0,"10":0,"11":2,"12":2,"13":1,"14":1,"15":0,"16":1,"17":6,"18":8,"19":8,"20":8,"21":8,"22":9,"23":8,"24":8,"25":8,"26":3,"27":5,"28":2,"29":2,"30":2,"31":3,"32":0,"33":0,"34":0,"35":0,"36":0,"37":0,"38":0,"39":0,"40":0,"41":0,"42":0,"43":0,"44":3,"45":2,"46":2,"47":2,"48":5,"49":1,"50":1,"51":3,"52":0,"53":3,"54":20,"55":4,"56":16,"57":16,"58":0,"59":16,"60":16,"61":16,"62":36,"63":36,"64":28,"65":8,"66":4,"67":1,"68":3,"69":4,"70":11,"71":11,"72":29,"73":29,"74":3,"75":26,"76":3,"77":23,"78":5,"79":5,"80":29,"81":22,"82":22,"83":22,"84":22,"85":7,"86":17,"87":1,"88":1,"89":0,"90":0,"91":0,"92":0,"93":16,"94":1,"95":1,"96":15,"97":1,"98":6,"99":1,"100":5,"101":5,"102":5,"103":10,"104":10,"105":10,"106":0,"107":0,"108":0,"109":10,"110":60,"111":60,"112":0,"113":0,"114":0,"115":0,"116":0,"117":0,"118":0,"119":0,"120":0,"121":0,"122":2,"123":2,"124":2,"125":2,"126":2,"127":2,"128":2,"129":2,"130":2,"131":2,"132":6,"133":2,"134":10},"f":{"0":10,"1":6,"2":1,"3":1,"4":0,"5":0,"6":2,"7":8,"8":20,"9":0,"10":2,"11":10},"b":{"0":[1,1],"1":[0],"2":[8],"3":[8,1],"4":[3,5],"5":[2,3],"6":[0,3],"7":[0],"8":[0,0],"9":[0,0],"10":[2],"11":[1],"12":[0],"13":[4],"14":[0],"15":[28,8],"16":[36,33,13],"17":[4],"18":[1],"19":[3,26],"20":[3,23],"21":[5],"22":[22,7],"23":[14,8],"24":[1,16],"25":[1,0],"26":[0],"27":[1,15],"28":[1],"29":[15,0,15,5],"30":[1,5],"31":[3,2],"32":[10],"33":[0,10],"34":[0],"35":[60],"36":[0],"37":[0],"38":[0],"39":[2,2]}}
}
