TN:
SF:packages/core/concurrency/index.ts
FNF:0
FNH:0
DA:5,1
LF:1
LH:1
BRF:0
BRH:0
end_of_record
TN:
SF:packages/core/concurrency/primitives.ts
FN:23,(anonymous_0)
FN:37,(anonymous_1)
FN:43,(anonymous_2)
FN:51,(anonymous_3)
FN:75,(anonymous_4)
FN:82,(anonymous_5)
FN:92,getMonitor
FNF:7
FNH:6
FNDA:0,(anonymous_0)
FNDA:10,(anonymous_1)
FNDA:9,(anonymous_2)
FNDA:10,(anonymous_3)
FNDA:10,(anonymous_4)
FNDA:10,(anonymous_5)
FNDA:23,getMonitor
DA:13,1
DA:15,2
DA:16,2
DA:24,0
DA:25,0
DA:26,0
DA:29,0
DA:38,10
DA:39,1
DA:40,1
DA:43,9
DA:44,9
DA:52,10
DA:54,10
DA:55,9
DA:61,1
DA:66,1
DA:68,2
DA:76,10
DA:83,10
DA:92,1
DA:95,23
LF:22
LH:18
BRDA:24,0,0,0
BRDA:38,1,0,1
BRDA:54,2,0,9
BRDA:95,3,0,2
BRDA:95,3,1,21
BRF:5
BRH:4
end_of_record
TN:
SF:packages/core/lifecycle/index.ts
FN:36,registerShutdown
FN:44,(anonymous_1)
FN:46,(anonymous_2)
FNF:3
FNH:0
FNDA:0,registerShutdown
FNDA:0,(anonymous_1)
FNDA:0,(anonymous_2)
DA:36,0
DA:37,0
DA:41,0
DA:44,0
DA:46,0
DA:50,0
DA:53,0
LF:7
LH:0
BRF:0
BRH:0
end_of_record
TN:
SF:packages/http/core.ts
FN:8,(anonymous_0)
FN:25,(anonymous_1)
FN:45,emptyHeaders
FN:59,(anonymous_3)
FNF:4
FNH:3
FNDA:2,(anonymous_0)
FNDA:2,(anonymous_1)
FNDA:6,emptyHeaders
FNDA:0,(anonymous_3)
DA:8,2
DA:9,2
DA:10,2
DA:11,2
DA:12,2
DA:13,2
DA:14,2
DA:20,2
DA:25,2
DA:26,2
DA:27,2
DA:45,2
DA:46,6
DA:59,2
LF:14
LH:14
BRDA:8,0,0,2
BRDA:8,0,1,2
BRDA:25,1,0,2
BRDA:25,1,1,2
BRF:4
BRH:4
end_of_record
TN:
SF:packages/http/index.ts
FNF:0
FNH:0
DA:5,1
DA:6,1
DA:7,1
LF:3
LH:3
BRF:0
BRH:0
end_of_record
TN:
SF:packages/http/server.ts
FN:139,getDefaultBuilder
FN:151,(anonymous_8)
FN:161,(anonymous_9)
FN:167,(anonymous_10)
FN:179,(anonymous_11)
FN:191,(anonymous_12)
FN:195,(anonymous_13)
FN:196,(anonymous_14)
FN:197,(anonymous_15)
FN:220,(anonymous_16)
FN:232,(anonymous_17)
FN:238,(anonymous_18)
FN:242,(anonymous_19)
FN:248,(anonymous_20)
FN:263,(anonymous_21)
FN:274,(anonymous_22)
FNF:16
FNH:8
FNDA:1,getDefaultBuilder
FNDA:0,(anonymous_8)
FNDA:1,(anonymous_9)
FNDA:1,(anonymous_10)
FNDA:1,(anonymous_11)
FNDA:1,(anonymous_12)
FNDA:1,(anonymous_13)
FNDA:1,(anonymous_14)
FNDA:1,(anonymous_15)
FNDA:0,(anonymous_16)
FNDA:0,(anonymous_17)
FNDA:0,(anonymous_18)
FNDA:0,(anonymous_19)
FNDA:0,(anonymous_20)
FNDA:0,(anonymous_21)
FNDA:0,(anonymous_22)
DA:5,1
DA:6,1
DA:7,1
DA:9,1
DA:139,1
DA:140,1
DA:148,1
DA:149,1
DA:153,0
DA:158,0
DA:162,1
DA:164,1
DA:168,1
DA:180,1
DA:184,1
DA:192,1
DA:196,1
DA:197,1
DA:198,1
DA:199,0
DA:201,1
DA:221,0
DA:222,0
DA:223,0
DA:224,0
DA:226,0
DA:227,0
DA:230,0
DA:231,0
DA:232,0
DA:233,0
DA:234,0
DA:238,0
DA:240,0
DA:242,0
DA:243,0
DA:244,0
DA:246,0
DA:249,0
DA:250,0
DA:252,0
DA:259,0
DA:260,0
DA:263,0
DA:275,0
DA:276,0
DA:277,0
DA:278,0
DA:279,0
LF:49
LH:18
BRDA:198,0,0,0
BRDA:198,0,1,1
BRDA:230,1,0,0
BRDA:230,1,1,0
BRDA:233,2,0,0
BRDA:243,3,0,0
BRDA:243,3,1,0
BRDA:279,4,0,0
BRDA:279,4,1,0
BRF:9
BRH:1
end_of_record
TN:
SF:packages/http/routing/index.ts
FN:12,(anonymous_0)
FN:58,createRouter
FN:74,(anonymous_2)
FN:119,(anonymous_3)
FN:245,(anonymous_4)
FN:276,(anonymous_5)
FN:300,(anonymous_6)
FNF:7
FNH:6
FNDA:10,(anonymous_0)
FNDA:6,createRouter
FNDA:6,(anonymous_2)
FNDA:20,(anonymous_3)
FNDA:0,(anonymous_4)
FNDA:2,(anonymous_5)
FNDA:27,(anonymous_6)
DA:5,2
DA:10,2
DA:13,10
DA:58,2
DA:59,6
DA:72,6
DA:75,6
DA:76,6
DA:77,6
DA:78,6
DA:79,6
DA:80,6
DA:81,6
DA:82,11
DA:83,3
DA:84,8
DA:85,2
DA:86,6
DA:87,2
DA:88,2
DA:89,1
DA:91,2
DA:92,2
DA:93,0
DA:94,0
DA:95,0
DA:97,0
DA:100,2
DA:102,4
DA:103,1
DA:107,3
DA:108,3
DA:111,0
DA:115,0
DA:121,20
DA:122,4
DA:126,16
DA:127,16
DA:128,0
DA:132,16
DA:133,16
DA:134,36
DA:135,36
DA:137,27
DA:138,9
DA:139,5
DA:140,1
DA:142,4
DA:144,4
DA:149,11
DA:150,11
DA:151,29
DA:154,29
DA:155,3
DA:156,26
DA:157,4
DA:158,22
DA:159,5
DA:160,5
DA:164,29
DA:165,22
DA:166,22
DA:174,22
DA:175,22
DA:180,7
DA:183,17
DA:186,1
DA:187,1
DA:188,0
DA:189,0
DA:193,0
DA:194,0
DA:197,16
DA:199,1
DA:200,1
DA:201,15
DA:203,1
DA:207,6
DA:208,1
DA:210,5
DA:218,5
DA:219,5
DA:225,10
DA:226,0
DA:230,10
DA:231,0
DA:232,0
DA:235,0
DA:237,10
DA:238,60
DA:239,60
DA:246,0
DA:249,0
DA:250,0
DA:251,0
DA:252,0
DA:253,0
DA:254,0
DA:255,0
DA:260,0
DA:261,0
DA:267,2
DA:268,2
DA:269,2
DA:270,2
DA:271,2
DA:276,2
DA:277,2
DA:278,2
DA:279,2
DA:280,2
DA:291,6
DA:300,2
DA:301,27
LF:114
LH:89
BRDA:76,0,0,6
BRDA:79,1,0,6
BRDA:79,1,1,0
BRDA:82,2,0,3
BRDA:82,2,1,8
BRDA:84,3,0,2
BRDA:84,3,1,6
BRDA:86,4,0,2
BRDA:86,4,1,4
BRDA:88,5,0,1
BRDA:92,6,0,0
BRDA:92,6,1,2
BRDA:94,7,0,0
BRDA:94,7,1,0
BRDA:102,8,0,1
BRDA:107,9,0,3
BRDA:121,10,0,4
BRDA:127,11,0,0
BRDA:135,12,0,27
BRDA:135,12,1,9
BRDA:135,13,0,36
BRDA:135,13,1,33
BRDA:135,13,2,14
BRDA:138,14,0,5
BRDA:139,15,0,1
BRDA:154,16,0,3
BRDA:154,16,1,26
BRDA:156,17,0,4
BRDA:156,17,1,22
BRDA:158,18,0,5
BRDA:164,19,0,22
BRDA:164,19,1,7
BRDA:170,20,0,13
BRDA:170,20,1,9
BRDA:183,21,0,1
BRDA:183,21,1,16
BRDA:186,22,0,1
BRDA:186,22,1,0
BRDA:187,23,0,0
BRDA:197,24,0,1
BRDA:197,24,1,15
BRDA:201,25,0,1
BRDA:201,26,0,15
BRDA:201,26,1,0
BRDA:201,26,2,15
BRDA:201,26,3,5
BRDA:207,27,0,1
BRDA:207,27,1,5
BRDA:214,28,0,3
BRDA:214,28,1,2
BRDA:225,29,0,0
BRDA:230,30,0,0
BRDA:230,30,1,10
BRDA:231,31,0,0
BRDA:238,32,0,60
BRDA:251,33,0,0
BRDA:254,34,0,0
BRDA:260,35,0,0
BRDA:276,36,0,2
BRDA:276,36,1,2
BRF:60
BRH:46
end_of_record
