TN:
SF:packages/core/concurrency/index.ts
FNF:0
FNH:0
DA:5,1
LF:1
LH:1
BRF:0
BRH:0
end_of_record
TN:
SF:packages/core/concurrency/primitives.ts
FN:23,(anonymous_0)
FN:37,(anonymous_1)
FN:43,(anonymous_2)
FN:51,(anonymous_3)
FN:75,(anonymous_4)
FN:82,(anonymous_5)
FN:92,getMonitor
FNF:7
FNH:6
FNDA:0,(anonymous_0)
FNDA:10,(anonymous_1)
FNDA:9,(anonymous_2)
FNDA:10,(anonymous_3)
FNDA:10,(anonymous_4)
FNDA:10,(anonymous_5)
FNDA:23,getMonitor
DA:13,1
DA:15,2
DA:16,2
DA:24,0
DA:25,0
DA:26,0
DA:29,0
DA:38,10
DA:39,1
DA:40,1
DA:43,9
DA:44,9
DA:52,10
DA:54,10
DA:55,9
DA:61,1
DA:66,1
DA:68,2
DA:76,10
DA:83,10
DA:92,1
DA:95,23
LF:22
LH:18
BRDA:24,0,0,0
BRDA:38,1,0,1
BRDA:54,2,0,9
BRDA:95,3,0,2
BRDA:95,3,1,21
BRF:5
BRH:4
end_of_record
TN:
SF:packages/core/lifecycle/index.ts
FN:36,registerShutdown
FN:44,(anonymous_1)
FN:46,(anonymous_2)
FNF:3
FNH:0
FNDA:0,registerShutdown
FNDA:0,(anonymous_1)
FNDA:0,(anonymous_2)
DA:36,0
DA:37,0
DA:41,0
DA:44,0
DA:46,0
DA:50,0
DA:53,0
LF:7
LH:0
BRF:0
BRH:0
end_of_record
TN:
SF:packages/http/core.ts
FN:8,(anonymous_0)
FN:20,(anonymous_1)
FN:37,emptyHeaders
FNF:3
FNH:3
FNDA:1,(anonymous_0)
FNDA:1,(anonymous_1)
FNDA:2,emptyHeaders
DA:8,1
DA:9,1
DA:10,1
DA:11,1
DA:12,1
DA:13,1
DA:14,1
DA:20,1
DA:21,1
DA:22,1
DA:37,1
DA:38,2
LF:12
LH:12
BRDA:8,0,0,1
BRDA:8,0,1,1
BRDA:20,1,0,1
BRDA:20,1,1,1
BRF:4
BRH:4
end_of_record
TN:
SF:packages/http/index.ts
FNF:0
FNH:0
DA:5,1
DA:6,1
LF:2
LH:2
BRF:0
BRH:0
end_of_record
TN:
SF:packages/http/routing.ts
FN:56,createRouter
FN:62,(anonymous_1)
FN:66,(anonymous_2)
FNF:3
FNH:1
FNDA:1,createRouter
FNDA:0,(anonymous_1)
FNDA:0,(anonymous_2)
DA:56,1
DA:57,1
DA:63,0
DA:67,0
LF:4
LH:2
BRF:0
BRH:0
end_of_record
TN:
SF:packages/http/server.ts
FN:133,getDefaultBuilder
FN:145,(anonymous_8)
FN:155,(anonymous_9)
FN:161,(anonymous_10)
FN:173,(anonymous_11)
FN:185,(anonymous_12)
FNF:6
FNH:3
FNDA:1,getDefaultBuilder
FNDA:0,(anonymous_8)
FNDA:0,(anonymous_9)
FNDA:1,(anonymous_10)
FNDA:1,(anonymous_11)
FNDA:0,(anonymous_12)
DA:5,1
DA:6,1
DA:7,1
DA:133,1
DA:134,1
DA:142,1
DA:143,1
DA:147,0
DA:152,0
DA:156,0
DA:158,0
DA:162,1
DA:174,1
DA:178,1
DA:186,0
LF:15
LH:10
BRF:0
BRH:0
end_of_record
TN:
SF:packages/http/routing/index.ts
FN:12,(anonymous_0)
FN:46,createRouter
FN:60,(anonymous_2)
FN:64,(anonymous_3)
FN:95,(anonymous_4)
FNF:5
FNH:4
FNDA:6,(anonymous_0)
FNDA:2,createRouter
FNDA:0,(anonymous_2)
FNDA:12,(anonymous_3)
FNDA:1,(anonymous_4)
DA:10,1
DA:13,6
DA:46,1
DA:47,2
DA:61,0
DA:66,12
DA:67,4
DA:71,8
DA:72,8
DA:73,0
DA:76,8
DA:77,23
DA:79,21
DA:81,2
DA:86,1
DA:87,1
DA:88,1
DA:89,1
DA:90,1
DA:95,1
DA:96,1
DA:97,1
DA:98,1
DA:99,1
DA:108,0
LF:25
LH:22
BRDA:66,0,0,4
BRDA:72,1,0,0
BRDA:77,2,0,21
BRDA:77,3,0,23
BRDA:77,3,1,22
BRDA:77,3,2,20
BRDA:77,3,3,6
BRDA:95,4,0,1
BRDA:95,4,1,1
BRF:9
BRH:8
end_of_record
